#
# A fatal error has been detected by the Java Runtime Environment:
#
#  EXCEPTION_ACCESS_VIOLATION (0xc0000005) at pc=0x00007ffb978ce337, pid=12788, tid=14748
#
# JRE version: OpenJDK Runtime Environment (11.0.13) (build 11.0.13+0-b1751.21-8125866)
# Java VM: OpenJDK 64-Bit Server VM (11.0.13+0-b1751.21-8125866, mixed mode, tiered, compressed oops, g1 gc, windows-amd64)
# Problematic frame:
# V  [jvm.dll+0xde337]
#
# No core dump will be written. Minidumps are not enabled by default on client versions of Windows
#
# If you would like to submit a bug report, please visit:
#   https://bugreport.java.com/bugreport/crash.jsp
#

---------------  S U M M A R Y ------------

Command Line: --add-opens=java.base/java.util=ALL-UNNAMED --add-opens=java.base/java.lang=ALL-UNNAMED --add-opens=java.base/java.lang.invoke=ALL-UNNAMED --add-opens=java.base/java.util=ALL-UNNAMED --add-opens=java.prefs/java.util.prefs=ALL-UNNAMED --add-opens=java.prefs/java.util.prefs=ALL-UNNAMED --add-opens=java.base/java.nio.charset=ALL-UNNAMED --add-opens=java.base/java.net=ALL-UNNAMED --add-opens=java.base/java.util.concurrent.atomic=ALL-UNNAMED -Xmx2048m -Dfile.encoding=UTF-8 -Duser.country=US -Duser.language=en -Duser.variant org.gradle.launcher.daemon.bootstrap.GradleDaemon 7.4

Host: Intel(R) Core(TM) i5-5200U CPU @ 2.20GHz, 4 cores, 11G,  Windows 10 , 64 bit Build 19041 (10.0.19041.2913)
Time: Wed Jun  7 02:20:48 2023 SE Asia Standard Time elapsed time: 19.204316 seconds (0d 0h 0m 19s)

---------------  T H R E A D  ---------------

Current thread (0x0000017756525000):  JavaThread "C2 CompilerThread1" daemon [_thread_in_native, id=14748, stack(0x000000767f600000,0x000000767f700000)]


Current CompileTask:
C2:  19204 7264       4       groovy.lang.MetaClassImpl::addMetaMethodToIndex (65 bytes)

Stack: [0x000000767f600000,0x000000767f700000],  sp=0x000000767f6fbde0,  free space=1007k
Native frames: (J=compiled Java code, j=interpreted, Vv=VM code, C=native code)
V  [jvm.dll+0xde337]
V  [jvm.dll+0x2e476]
V  [jvm.dll+0x617152]
V  [jvm.dll+0x61588f]
V  [jvm.dll+0x203603]
V  [jvm.dll+0x202437]
V  [jvm.dll+0x188e01]
V  [jvm.dll+0x21106b]
V  [jvm.dll+0x20f8c1]
V  [jvm.dll+0x70de0f]
V  [jvm.dll+0x706a75]
V  [jvm.dll+0x60ed66]
C  [ucrtbase.dll+0x21bb2]
C  [KERNEL32.DLL+0x17614]
C  [ntdll.dll+0x526a1]


siginfo: EXCEPTION_ACCESS_VIOLATION (0xc0000005), reading address 0x000000005dc28d48


Register to memory mapping:

RIP=0x00007ffb978ce337 jvm.dll
RAX=0x000001773cf2daec is at code_begin+4332 in 
[CodeBlob (0x000001773cf2c990)]
Framesize: 0
BufferBlob (0x000001773cf2c990) used for Compile::Fill_buffer
RBX=0x000000767f6fbe30 is pointing into the stack for thread: 0x0000017756525000
RCX=0x000000767f6fbe30 is pointing into the stack for thread: 0x0000017756525000
RDX=0x0000000000000003 is an unknown value
RSP=0x000000767f6fbde0 is pointing into the stack for thread: 0x0000017756525000
RBP=0x000000767f6fbf70 is pointing into the stack for thread: 0x0000017756525000
RSI=0x0 is NULL
RDI=0x0000000000000003 is an unknown value
R8 =0x000000005dc28d48 is an unknown value
R9 =0x0 is NULL
R10=0x000000767f6fefc8 is pointing into the stack for thread: 0x0000017756525000
R11=0x000000005dc28d48 is an unknown value
R12=0x000000767f6fef70 is pointing into the stack for thread: 0x0000017756525000
R13=0x00000000000010ec is an unknown value
R14=0x000000767f6fe6a0 is pointing into the stack for thread: 0x0000017756525000
R15=0x0000017759ca9508 points into unknown readable memory: 0x00007ffb97fbab40 | 40 ab fb 97 fb 7f 00 00


Registers:
RAX=0x000001773cf2daec, RBX=0x000000767f6fbe30, RCX=0x000000767f6fbe30, RDX=0x0000000000000003
RSP=0x000000767f6fbde0, RBP=0x000000767f6fbf70, RSI=0x0000000000000000, RDI=0x0000000000000003
R8 =0x000000005dc28d48, R9 =0x0000000000000000, R10=0x000000767f6fefc8, R11=0x000000005dc28d48
R12=0x000000767f6fef70, R13=0x00000000000010ec, R14=0x000000767f6fe6a0, R15=0x0000017759ca9508
RIP=0x00007ffb978ce337, EFLAGS=0x0000000000010202

Top of Stack: (sp=0x000000767f6fbde0)
0x000000767f6fbde0:   000000767f6fefc8 0000017756179d80
0x000000767f6fbdf0:   00000177540c53a8 000000767f6fe6a0
0x000000767f6fbe00:   0000017759ca9508 00007ffb9781e476
0x000000767f6fbe10:   000000005dc28d48 0000017755419be8
0x000000767f6fbe20:   000000767f6fbf70 00007ffb978014d5
0x000000767f6fbe30:   00007ffb97f674c8 000000767f6fefc8
0x000000767f6fbe40:   0000017756179d80 ffff000001010101
0x000000767f6fbe50:   0000000000000000 000000767f6fe6a0
0x000000767f6fbe60:   0000000000000000 00007ffb97e07152
0x000000767f6fbe70:   0000000000000020 000000767f6fbf70
0x000000767f6fbe80:   0000000000000020 0000000000000000
0x000000767f6fbe90:   00000177571debe0 00000177571e43e0
0x000000767f6fbea0:   0000000300000020 000010cc00000001
0x000000767f6fbeb0:   000000767f6fc110 000010ec00000004
0x000000767f6fbec0:   000000c1ffffffff 0000017755433520
0x000000767f6fbed0:   00000000000007e2 0000017755419be8 

Instructions: (pc=0x00007ffb978ce337)
0x00007ffb978ce237:   b0 00 00 00 66 49 0f 7e d8 0f 10 42 40 48 8d 94
0x00007ffb978ce247:   24 b8 00 00 00 0f 29 94 24 a0 00 00 00 48 89 54
0x00007ffb978ce257:   24 30 48 8b 15 50 ee 7b 00 66 0f 73 da 08 0f 29
0x00007ffb978ce267:   84 24 d0 00 00 00 66 0f 6f c3 66 48 0f 7e d0 66
0x00007ffb978ce277:   0f 73 d8 08 66 49 0f 7e c1 0f 29 9c 24 90 00 00
0x00007ffb978ce287:   00 48 c1 e8 20 89 44 24 28 0f 29 8c 24 c0 00 00
0x00007ffb978ce297:   00 66 0f 7e 54 24 20 e8 ed 92 ff ff 48 8b 43 08
0x00007ffb978ce2a7:   48 c7 40 08 00 00 00 00 48 81 c4 e0 00 00 00 5b
0x00007ffb978ce2b7:   c3 cc cc cc cc cc cc cc cc 80 3d 31 9f 94 00 00
0x00007ffb978ce2c7:   48 8b 0d f2 dc 95 00 75 30 48 8b c1 ba 00 00 00
0x00007ffb978ce2d7:   80 48 2b 05 c1 66 94 00 41 b8 ff ff ff ff 48 03
0x00007ffb978ce2e7:   c2 49 3b c0 77 13 48 2b 0d b4 66 94 00 48 8d 04
0x00007ffb978ce2f7:   11 49 3b c0 77 03 32 c0 c3 b0 01 c3 cc cc cc cc
0x00007ffb978ce307:   cc cc cc cc cc cc cc cc cc 48 89 5c 24 08 48 89
0x00007ffb978ce317:   74 24 10 57 48 83 ec 20 4c 8b 51 08 41 0f b6 f1
0x00007ffb978ce327:   4d 8b d8 8b fa 48 8b d9 49 8b 42 10 49 89 42 08
0x00007ffb978ce337:   41 83 38 00 0f 8c 8a 00 00 00 48 8b 49 08 49 8b
0x00007ffb978ce347:   d3 4c 8b 41 10 e8 9f 5b 10 00 48 8b 53 08 4c 8b
0x00007ffb978ce357:   c0 4c 2b 42 10 40 84 f6 74 35 41 8d 48 7e 81 f9
0x00007ffb978ce367:   ff 00 00 00 77 29 48 8b 42 10 40 80 cf 70 41 80
0x00007ffb978ce377:   e8 02 40 88 38 48 ff 42 10 48 8b 4b 08 48 8b 41
0x00007ffb978ce387:   10 44 88 00 48 ff 41 10 33 d2 e9 8a 00 00 00 48
0x00007ffb978ce397:   8b 42 10 40 80 cf 80 c6 00 0f 48 ff 42 10 48 8b
0x00007ffb978ce3a7:   4b 08 48 8b 41 10 40 88 38 48 ff 41 10 41 8d 48
0x00007ffb978ce3b7:   fa 48 8b 53 08 48 8b 42 10 89 08 48 83 42 10 04
0x00007ffb978ce3c7:   33 d2 eb 55 48 8b 51 08 49 8b cb 44 8b 42 10 44
0x00007ffb978ce3d7:   2b 02 0f be 42 43 48 8b 52 48 41 c1 e0 02 44 0b
0x00007ffb978ce3e7:   c0 e8 93 f9 fe ff 48 8b 4b 08 40 80 cf 80 33 d2
0x00007ffb978ce3f7:   48 8b 41 10 c6 00 0f 48 ff 41 10 48 8b 4b 08 48
0x00007ffb978ce407:   8b 41 10 40 88 38 48 ff 41 10 48 8b 4b 08 48 8b
0x00007ffb978ce417:   41 10 89 10 48 83 41 10 04 48 8b 43 08 48 8b 5c
0x00007ffb978ce427:   24 30 48 8b 74 24 38 48 89 50 08 48 83 c4 20 5f 


Stack slot to memory mapping:
stack at sp + 0 slots: 0x000000767f6fefc8 is pointing into the stack for thread: 0x0000017756525000
stack at sp + 1 slots: 0x0000017756179d80 points into unknown readable memory: 0x00007ffb97f67438 | 38 74 f6 97 fb 7f 00 00
stack at sp + 2 slots: 0x00000177540c53a8 points into unknown readable memory: 0x00007ffb98016fd8 | d8 6f 01 98 fb 7f 00 00
stack at sp + 3 slots: 0x000000767f6fe6a0 is pointing into the stack for thread: 0x0000017756525000
stack at sp + 4 slots: 0x0000017759ca9508 points into unknown readable memory: 0x00007ffb97fbab40 | 40 ab fb 97 fb 7f 00 00
stack at sp + 5 slots: 0x00007ffb9781e476 jvm.dll
stack at sp + 6 slots: 0x000000005dc28d48 is an unknown value
stack at sp + 7 slots: 0x0000017755419be8 points into unknown readable memory: 0x00007ffb98002d48 | 48 2d 00 98 fb 7f 00 00


---------------  P R O C E S S  ---------------

Threads class SMR info:
_java_thread_list=0x000001775b639450, length=79, elements={
0x00000177379cf800, 0x0000017753585000, 0x000001775358b800, 0x0000017753dd7800,
0x0000017753dd8800, 0x0000017753ddb000, 0x0000017753de3800, 0x0000017753de5000,
0x0000017753de9800, 0x0000017753f5c800, 0x00000177566d9800, 0x000001775403d800,
0x0000017756382800, 0x000001775577c000, 0x0000017755fd8800, 0x0000017755edc000,
0x0000017755707800, 0x00000177552b2800, 0x00000177552b3800, 0x0000017753edd000,
0x000001775529e800, 0x00000177552a0800, 0x00000177552a3000, 0x00000177552a5800,
0x000001775529f800, 0x00000177552a4800, 0x00000177552a1000, 0x0000017756525000,
0x00000177552a2000, 0x00000177552a3800, 0x0000017756aac800, 0x0000017756aaa000,
0x0000017756aae000, 0x0000017756aa9800, 0x0000017756aaf000, 0x0000017756ab1800,
0x0000017756ab0800, 0x0000017756aac000, 0x0000017756ab6800, 0x0000017756ab4800,
0x0000017756ab7000, 0x0000017756ab3000, 0x0000017756ab4000, 0x0000017756ab5800,
0x0000017756ab2800, 0x00000177574e8000, 0x00000177574eb800, 0x00000177574ed000,
0x00000177574ec800, 0x00000177574e9000, 0x00000177574e7800, 0x00000177574ee000,
0x00000177574ee800, 0x00000177574ef800, 0x00000177574ea000, 0x00000177574f0800,
0x00000177574ea800, 0x00000177574f1000, 0x00000177574f2000, 0x00000177574f6000,
0x00000177574f3800, 0x00000177574f3000, 0x00000177574f4800, 0x00000177574f5800,
0x00000177569e5000, 0x00000177569e7000, 0x00000177569e9800, 0x00000177569e3800,
0x00000177569e7800, 0x00000177569e8800, 0x00000177569ea000, 0x00000177569e4800,
0x00000177569eb000, 0x00000177569eb800, 0x00000177569e6000, 0x00000177569f0800,
0x00000177569f1800, 0x00000177569f2800, 0x00000177569f0000
}

Java Threads: ( => current thread )
  0x00000177379cf800 JavaThread "main" [_thread_blocked, id=8920, stack(0x000000767d100000,0x000000767d200000)]
  0x0000017753585000 JavaThread "Reference Handler" daemon [_thread_blocked, id=2072, stack(0x000000767d800000,0x000000767d900000)]
  0x000001775358b800 JavaThread "Finalizer" daemon [_thread_blocked, id=7388, stack(0x000000767d900000,0x000000767da00000)]
  0x0000017753dd7800 JavaThread "Signal Dispatcher" daemon [_thread_blocked, id=14924, stack(0x000000767da00000,0x000000767db00000)]
  0x0000017753dd8800 JavaThread "Attach Listener" daemon [_thread_blocked, id=8144, stack(0x000000767db00000,0x000000767dc00000)]
  0x0000017753ddb000 JavaThread "Service Thread" daemon [_thread_blocked, id=13496, stack(0x000000767dc00000,0x000000767dd00000)]
  0x0000017753de3800 JavaThread "C2 CompilerThread0" daemon [_thread_in_native, id=13844, stack(0x000000767dd00000,0x000000767de00000)]
  0x0000017753de5000 JavaThread "C1 CompilerThread0" daemon [_thread_blocked, id=11952, stack(0x000000767de00000,0x000000767df00000)]
  0x0000017753de9800 JavaThread "Sweeper thread" daemon [_thread_blocked, id=9620, stack(0x000000767df00000,0x000000767e000000)]
  0x0000017753f5c800 JavaThread "Common-Cleaner" daemon [_thread_blocked, id=11004, stack(0x000000767e000000,0x000000767e100000)]
  0x00000177566d9800 JavaThread "Daemon health stats" [_thread_blocked, id=2896, stack(0x000000767e600000,0x000000767e700000)]
  0x000001775403d800 JavaThread "Incoming local TCP Connector on port 50071" [_thread_in_native, id=4564, stack(0x000000767e200000,0x000000767e300000)]
  0x0000017756382800 JavaThread "Daemon periodic checks" [_thread_blocked, id=11032, stack(0x000000767e700000,0x000000767e800000)]
  0x000001775577c000 JavaThread "Daemon" [_thread_blocked, id=13828, stack(0x000000767e800000,0x000000767e900000)]
  0x0000017755fd8800 JavaThread "Handler for socket connection from /127.0.0.1:50071 to /127.0.0.1:50072" [_thread_in_native, id=2364, stack(0x000000767e900000,0x000000767ea00000)]
  0x0000017755edc000 JavaThread "Cancel handler" [_thread_blocked, id=12104, stack(0x000000767ea00000,0x000000767eb00000)]
  0x0000017755707800 JavaThread "Daemon worker" [_thread_in_vm, id=2376, stack(0x000000767eb00000,0x000000767ec00000)]
  0x00000177552b2800 JavaThread "Asynchronous log dispatcher for DefaultDaemonConnection: socket connection from /127.0.0.1:50071 to /127.0.0.1:50072" [_thread_blocked, id=12856, stack(0x000000767ec00000,0x000000767ed00000)]
  0x00000177552b3800 JavaThread "Stdin handler" [_thread_blocked, id=10072, stack(0x000000767ed00000,0x000000767ee00000)]
  0x0000017753edd000 JavaThread "Daemon client event forwarder" [_thread_blocked, id=15412, stack(0x000000767ee00000,0x000000767ef00000)]
  0x000001775529e800 JavaThread "Cache worker for journal cache (C:\Users\Royyan\.gradle\caches\journal-1)" [_thread_blocked, id=14192, stack(0x000000767ef00000,0x000000767f000000)]
  0x00000177552a0800 JavaThread "File lock request listener" [_thread_in_native, id=14872, stack(0x000000767f000000,0x000000767f100000)]
  0x00000177552a3000 JavaThread "Cache worker for file hash cache (C:\Users\Royyan\.gradle\caches\7.4\fileHashes)" [_thread_blocked, id=10356, stack(0x000000767f100000,0x000000767f200000)]
  0x00000177552a5800 JavaThread "File watcher server" daemon [_thread_in_native, id=14560, stack(0x000000767f300000,0x000000767f400000)]
  0x000001775529f800 JavaThread "File watcher consumer" daemon [_thread_blocked, id=2300, stack(0x000000767f400000,0x000000767f500000)]
  0x00000177552a4800 JavaThread "Cache worker for checksums cache (C:\Users\Royyan\AndroidStudioProjects\ArifCahyono\.gradle\7.4\checksums)" [_thread_blocked, id=15796, stack(0x000000767f200000,0x000000767f300000)]
  0x00000177552a1000 JavaThread "Cache worker for cache directory md-rule (C:\Users\Royyan\.gradle\caches\7.4\md-rule)" [_thread_blocked, id=7412, stack(0x000000767f500000,0x000000767f600000)]
=>0x0000017756525000 JavaThread "C2 CompilerThread1" daemon [_thread_in_native, id=14748, stack(0x000000767f600000,0x000000767f700000)]
  0x00000177552a2000 JavaThread "Cache worker for file hash cache (C:\Users\Royyan\AndroidStudioProjects\ArifCahyono\.gradle\7.4\fileHashes)" [_thread_blocked, id=10444, stack(0x000000767f700000,0x000000767f800000)]
  0x00000177552a3800 JavaThread "Cache worker for cache directory md-supplier (C:\Users\Royyan\.gradle\caches\7.4\md-supplier)" [_thread_blocked, id=15892, stack(0x000000767f800000,0x000000767f900000)]
  0x0000017756aac800 JavaThread "Cache worker for execution history cache (C:\Users\Royyan\.gradle\caches\7.4\executionHistory)" [_thread_blocked, id=12912, stack(0x000000767f900000,0x000000767fa00000)]
  0x0000017756aaa000 JavaThread "jar transforms" [_thread_blocked, id=15540, stack(0x000000767fa00000,0x000000767fb00000)]
  0x0000017756aae000 JavaThread "Cache worker for file content cache (C:\Users\Royyan\.gradle\caches\7.4\fileContent)" [_thread_blocked, id=10424, stack(0x000000767fb00000,0x000000767fc00000)]
  0x0000017756aa9800 JavaThread "jar transforms Thread 2" [_thread_blocked, id=5092, stack(0x000000767fc00000,0x000000767fd00000)]
  0x0000017756aaf000 JavaThread "Cache worker for dependencies-accessors (C:\Users\Royyan\AndroidStudioProjects\ArifCahyono\.gradle\7.4\dependencies-accessors)" [_thread_blocked, id=3820, stack(0x000000767fd00000,0x000000767fe00000)]
  0x0000017756ab1800 JavaThread "jar transforms Thread 3" [_thread_blocked, id=7528, stack(0x000000767fe00000,0x000000767ff00000)]
  0x0000017756ab0800 JavaThread "Cache worker for Build Output Cleanup Cache (C:\Users\Royyan\AndroidStudioProjects\ArifCahyono\.gradle\buildOutputCleanup)" [_thread_blocked, id=3740, stack(0x000000767ff00000,0x0000007680000000)]
  0x0000017756aac000 JavaThread "Unconstrained build operations" [_thread_blocked, id=10852, stack(0x0000007600000000,0x0000007600100000)]
  0x0000017756ab6800 JavaThread "Unconstrained build operations Thread 2" [_thread_blocked, id=2500, stack(0x0000007600100000,0x0000007600200000)]
  0x0000017756ab4800 JavaThread "Unconstrained build operations Thread 3" [_thread_blocked, id=2280, stack(0x0000007600200000,0x0000007600300000)]
  0x0000017756ab7000 JavaThread "Unconstrained build operations Thread 4" [_thread_blocked, id=1344, stack(0x0000007600300000,0x0000007600400000)]
  0x0000017756ab3000 JavaThread "Unconstrained build operations Thread 5" [_thread_blocked, id=11936, stack(0x0000007600400000,0x0000007600500000)]
  0x0000017756ab4000 JavaThread "Unconstrained build operations Thread 6" [_thread_blocked, id=5392, stack(0x0000007600500000,0x0000007600600000)]
  0x0000017756ab5800 JavaThread "Unconstrained build operations Thread 7" [_thread_blocked, id=5744, stack(0x0000007600600000,0x0000007600700000)]
  0x0000017756ab2800 JavaThread "Unconstrained build operations Thread 8" [_thread_blocked, id=9604, stack(0x0000007600700000,0x0000007600800000)]
  0x00000177574e8000 JavaThread "Unconstrained build operations Thread 9" [_thread_blocked, id=10420, stack(0x0000007600800000,0x0000007600900000)]
  0x00000177574eb800 JavaThread "Unconstrained build operations Thread 10" [_thread_blocked, id=7076, stack(0x0000007600900000,0x0000007600a00000)]
  0x00000177574ed000 JavaThread "Unconstrained build operations Thread 11" [_thread_blocked, id=10644, stack(0x0000007600a00000,0x0000007600b00000)]
  0x00000177574ec800 JavaThread "Unconstrained build operations Thread 12" [_thread_blocked, id=13956, stack(0x0000007600b00000,0x0000007600c00000)]
  0x00000177574e9000 JavaThread "Unconstrained build operations Thread 13" [_thread_blocked, id=12972, stack(0x0000007600c00000,0x0000007600d00000)]
  0x00000177574e7800 JavaThread "Unconstrained build operations Thread 14" [_thread_blocked, id=14232, stack(0x0000007600d00000,0x0000007600e00000)]
  0x00000177574ee000 JavaThread "Unconstrained build operations Thread 15" [_thread_blocked, id=13848, stack(0x0000007600e00000,0x0000007600f00000)]
  0x00000177574ee800 JavaThread "Unconstrained build operations Thread 16" [_thread_blocked, id=7300, stack(0x0000007600f00000,0x0000007601000000)]
  0x00000177574ef800 JavaThread "Unconstrained build operations Thread 17" [_thread_blocked, id=13472, stack(0x0000007601000000,0x0000007601100000)]
  0x00000177574ea000 JavaThread "Unconstrained build operations Thread 18" [_thread_blocked, id=8532, stack(0x0000007601100000,0x0000007601200000)]
  0x00000177574f0800 JavaThread "Unconstrained build operations Thread 19" [_thread_blocked, id=12488, stack(0x0000007601200000,0x0000007601300000)]
  0x00000177574ea800 JavaThread "Unconstrained build operations Thread 20" [_thread_blocked, id=3744, stack(0x0000007601300000,0x0000007601400000)]
  0x00000177574f1000 JavaThread "Unconstrained build operations Thread 21" [_thread_blocked, id=4340, stack(0x0000007601400000,0x0000007601500000)]
  0x00000177574f2000 JavaThread "Unconstrained build operations Thread 22" [_thread_blocked, id=10672, stack(0x0000007601500000,0x0000007601600000)]
  0x00000177574f6000 JavaThread "Unconstrained build operations Thread 23" [_thread_blocked, id=11592, stack(0x0000007601600000,0x0000007601700000)]
  0x00000177574f3800 JavaThread "Unconstrained build operations Thread 24" [_thread_blocked, id=11008, stack(0x0000007601700000,0x0000007601800000)]
  0x00000177574f3000 JavaThread "Unconstrained build operations Thread 25" [_thread_blocked, id=9292, stack(0x0000007601800000,0x0000007601900000)]
  0x00000177574f4800 JavaThread "Unconstrained build operations Thread 26" [_thread_blocked, id=5168, stack(0x0000007601900000,0x0000007601a00000)]
  0x00000177574f5800 JavaThread "Unconstrained build operations Thread 27" [_thread_blocked, id=11628, stack(0x0000007601a00000,0x0000007601b00000)]
  0x00000177569e5000 JavaThread "Unconstrained build operations Thread 28" [_thread_blocked, id=10344, stack(0x0000007601b00000,0x0000007601c00000)]
  0x00000177569e7000 JavaThread "Unconstrained build operations Thread 29" [_thread_blocked, id=4524, stack(0x0000007601c00000,0x0000007601d00000)]
  0x00000177569e9800 JavaThread "Unconstrained build operations Thread 30" [_thread_blocked, id=16212, stack(0x0000007601d00000,0x0000007601e00000)]
  0x00000177569e3800 JavaThread "Unconstrained build operations Thread 31" [_thread_blocked, id=4504, stack(0x0000007601e00000,0x0000007601f00000)]
  0x00000177569e7800 JavaThread "Unconstrained build operations Thread 32" [_thread_blocked, id=4672, stack(0x0000007601f00000,0x0000007602000000)]
  0x00000177569e8800 JavaThread "Unconstrained build operations Thread 33" [_thread_blocked, id=15696, stack(0x0000007602000000,0x0000007602100000)]
  0x00000177569ea000 JavaThread "Unconstrained build operations Thread 34" [_thread_blocked, id=4712, stack(0x0000007602100000,0x0000007602200000)]
  0x00000177569e4800 JavaThread "Unconstrained build operations Thread 35" [_thread_blocked, id=9456, stack(0x0000007602200000,0x0000007602300000)]
  0x00000177569eb000 JavaThread "Unconstrained build operations Thread 36" [_thread_blocked, id=5984, stack(0x0000007602300000,0x0000007602400000)]
  0x00000177569eb800 JavaThread "Unconstrained build operations Thread 37" [_thread_blocked, id=12708, stack(0x0000007602400000,0x0000007602500000)]
  0x00000177569e6000 JavaThread "Unconstrained build operations Thread 38" [_thread_blocked, id=4384, stack(0x0000007602500000,0x0000007602600000)]
  0x00000177569f0800 JavaThread "Unconstrained build operations Thread 39" [_thread_blocked, id=3504, stack(0x0000007602600000,0x0000007602700000)]
  0x00000177569f1800 JavaThread "Unconstrained build operations Thread 40" [_thread_blocked, id=1916, stack(0x0000007602700000,0x0000007602800000)]
  0x00000177569f2800 JavaThread "jar transforms Thread 4" [_thread_blocked, id=2560, stack(0x0000007602800000,0x0000007602900000)]
  0x00000177569f0000 JavaThread "Memory manager" [_thread_blocked, id=11756, stack(0x0000007602900000,0x0000007602a00000)]

Other Threads:
  0x0000017753572800 VMThread "VM Thread" [stack: 0x000000767d700000,0x000000767d800000] [id=15924]
  0x0000017753f66000 WatcherThread [stack: 0x000000767e100000,0x000000767e200000] [id=3816]
  0x00000177379e8000 GCTaskThread "GC Thread#0" [stack: 0x000000767d200000,0x000000767d300000] [id=8796]
  0x00000177545fc000 GCTaskThread "GC Thread#1" [stack: 0x000000767e300000,0x000000767e400000] [id=12152]
  0x000001775446b800 GCTaskThread "GC Thread#2" [stack: 0x000000767e400000,0x000000767e500000] [id=5968]
  0x0000017754875800 GCTaskThread "GC Thread#3" [stack: 0x000000767e500000,0x000000767e600000] [id=4732]
  0x0000017737a17800 ConcurrentGCThread "G1 Main Marker" [stack: 0x000000767d300000,0x000000767d400000] [id=15836]
  0x0000017737a19000 ConcurrentGCThread "G1 Conc#0" [stack: 0x000000767d400000,0x000000767d500000] [id=15108]
  0x0000017737aae000 ConcurrentGCThread "G1 Refine#0" [stack: 0x000000767d500000,0x000000767d600000] [id=14488]
  0x00000177533c4800 ConcurrentGCThread "G1 Young RemSet Sampling" [stack: 0x000000767d600000,0x000000767d700000] [id=13436]

Threads with active compile tasks:
C2 CompilerThread0  19313 7009 %     4       org.gradle.internal.instantiation.generator.AbstractClassGenerator::inspectType @ 207 (560 bytes)
C2 CompilerThread1  19314 7264       4       groovy.lang.MetaClassImpl::addMetaMethodToIndex (65 bytes)

VM state:not at safepoint (normal execution)

VM Mutex/Monitor currently owned by a thread: None

Heap address: 0x0000000080000000, size: 2048 MB, Compressed Oops mode: 32-bit
Narrow klass base: 0x0000000000000000, Narrow klass shift: 3
Compressed class space size: 1073741824 Address: 0x0000000100000000

Heap:
 garbage-first heap   total 236544K, used 73395K [0x0000000080000000, 0x0000000100000000)
  region size 1024K, 19 young (19456K), 11 survivors (11264K)
 Metaspace       used 75659K, capacity 77188K, committed 77388K, reserved 1116160K
  class space    used 9727K, capacity 10341K, committed 10368K, reserved 1048576K
Heap Regions: E=young(eden), S=young(survivor), O=old, HS=humongous(starts), HC=humongous(continues), CS=collection set, F=free, A=archive, TAMS=top-at-mark-start (previous, next)
|   0|0x0000000080000000, 0x0000000080100000, 0x0000000080100000|100%|HS|  |TAMS 0x0000000080100000, 0x0000000080000000| Complete 
|   1|0x0000000080100000, 0x0000000080200000, 0x0000000080200000|100%|HC|  |TAMS 0x0000000080200000, 0x0000000080100000| Complete 
|   2|0x0000000080200000, 0x0000000080300000, 0x0000000080300000|100%|HC|  |TAMS 0x0000000080300000, 0x0000000080200000| Complete 
|   3|0x0000000080300000, 0x0000000080400000, 0x0000000080400000|100%| O|  |TAMS 0x0000000080400000, 0x0000000080300000| Untracked 
|   4|0x0000000080400000, 0x0000000080500000, 0x0000000080500000|100%| O|  |TAMS 0x0000000080500000, 0x0000000080400000| Untracked 
|   5|0x0000000080500000, 0x0000000080600000, 0x0000000080600000|100%| O|  |TAMS 0x0000000080600000, 0x0000000080500000| Untracked 
|   6|0x0000000080600000, 0x0000000080700000, 0x0000000080700000|100%| O|  |TAMS 0x0000000080700000, 0x0000000080600000| Untracked 
|   7|0x0000000080700000, 0x0000000080800000, 0x0000000080800000|100%| O|  |TAMS 0x0000000080800000, 0x0000000080700000| Untracked 
|   8|0x0000000080800000, 0x0000000080900000, 0x0000000080900000|100%| O|  |TAMS 0x0000000080900000, 0x0000000080800000| Untracked 
|   9|0x0000000080900000, 0x0000000080a00000, 0x0000000080a00000|100%| O|  |TAMS 0x0000000080a00000, 0x0000000080900000| Untracked 
|  10|0x0000000080a00000, 0x0000000080b00000, 0x0000000080b00000|100%| O|  |TAMS 0x0000000080b00000, 0x0000000080a00000| Untracked 
|  11|0x0000000080b00000, 0x0000000080c00000, 0x0000000080c00000|100%| O|  |TAMS 0x0000000080c00000, 0x0000000080b00000| Untracked 
|  12|0x0000000080c00000, 0x0000000080d00000, 0x0000000080d00000|100%| O|  |TAMS 0x0000000080d00000, 0x0000000080c00000| Untracked 
|  13|0x0000000080d00000, 0x0000000080e00000, 0x0000000080e00000|100%| O|  |TAMS 0x0000000080e00000, 0x0000000080d00000| Untracked 
|  14|0x0000000080e00000, 0x0000000080f00000, 0x0000000080f00000|100%| O|  |TAMS 0x0000000080f00000, 0x0000000080e00000| Untracked 
|  15|0x0000000080f00000, 0x0000000081000000, 0x0000000081000000|100%| O|  |TAMS 0x0000000081000000, 0x0000000080f00000| Untracked 
|  16|0x0000000081000000, 0x0000000081100000, 0x0000000081100000|100%|HS|  |TAMS 0x0000000081100000, 0x0000000081000000| Complete 
|  17|0x0000000081100000, 0x0000000081200000, 0x0000000081200000|100%|HS|  |TAMS 0x0000000081200000, 0x0000000081100000| Complete 
|  18|0x0000000081200000, 0x0000000081300000, 0x0000000081300000|100%|HS|  |TAMS 0x0000000081300000, 0x0000000081200000| Complete 
|  19|0x0000000081300000, 0x0000000081400000, 0x0000000081400000|100%| O|  |TAMS 0x0000000081400000, 0x0000000081300000| Untracked 
|  20|0x0000000081400000, 0x0000000081500000, 0x0000000081500000|100%| O|  |TAMS 0x0000000081500000, 0x0000000081400000| Untracked 
|  21|0x0000000081500000, 0x0000000081600000, 0x0000000081600000|100%| O|  |TAMS 0x0000000081600000, 0x0000000081500000| Untracked 
|  22|0x0000000081600000, 0x0000000081700000, 0x0000000081700000|100%| O|  |TAMS 0x0000000081700000, 0x0000000081600000| Untracked 
|  23|0x0000000081700000, 0x0000000081800000, 0x0000000081800000|100%|HS|  |TAMS 0x0000000081800000, 0x0000000081700000| Complete 
|  24|0x0000000081800000, 0x0000000081900000, 0x0000000081900000|100%|HC|  |TAMS 0x0000000081900000, 0x0000000081800000| Complete 
|  25|0x0000000081900000, 0x0000000081a00000, 0x0000000081a00000|100%|HC|  |TAMS 0x0000000081a00000, 0x0000000081900000| Complete 
|  26|0x0000000081a00000, 0x0000000081b00000, 0x0000000081b00000|100%|HS|  |TAMS 0x0000000081b00000, 0x0000000081a00000| Complete 
|  27|0x0000000081b00000, 0x0000000081c00000, 0x0000000081c00000|100%|HC|  |TAMS 0x0000000081c00000, 0x0000000081b00000| Complete 
|  28|0x0000000081c00000, 0x0000000081d00000, 0x0000000081d00000|100%| O|  |TAMS 0x0000000081d00000, 0x0000000081c00000| Untracked 
|  29|0x0000000081d00000, 0x0000000081e00000, 0x0000000081e00000|100%| O|  |TAMS 0x0000000081e00000, 0x0000000081d00000| Untracked 
|  30|0x0000000081e00000, 0x0000000081f00000, 0x0000000081f00000|100%| O|  |TAMS 0x0000000081f00000, 0x0000000081e00000| Untracked 
|  31|0x0000000081f00000, 0x0000000082000000, 0x0000000082000000|100%| O|  |TAMS 0x0000000082000000, 0x0000000081f00000| Untracked 
|  32|0x0000000082000000, 0x0000000082100000, 0x0000000082100000|100%| O|  |TAMS 0x0000000082100000, 0x0000000082000000| Untracked 
|  33|0x0000000082100000, 0x0000000082200000, 0x0000000082200000|100%| O|  |TAMS 0x0000000082200000, 0x0000000082100000| Untracked 
|  34|0x0000000082200000, 0x0000000082300000, 0x0000000082300000|100%| O|  |TAMS 0x0000000082300000, 0x0000000082200000| Untracked 
|  35|0x0000000082300000, 0x0000000082400000, 0x0000000082400000|100%| O|  |TAMS 0x0000000082400000, 0x0000000082300000| Untracked 
|  36|0x0000000082400000, 0x0000000082500000, 0x0000000082500000|100%| O|  |TAMS 0x0000000082500000, 0x0000000082400000| Untracked 
|  37|0x0000000082500000, 0x0000000082600000, 0x0000000082600000|100%| O|  |TAMS 0x0000000082600000, 0x0000000082500000| Untracked 
|  38|0x0000000082600000, 0x00000000826ace00, 0x0000000082700000| 67%| O|  |TAMS 0x00000000826ace00, 0x0000000082600000| Untracked 
|  39|0x0000000082700000, 0x0000000082700000, 0x0000000082800000|  0%| F|  |TAMS 0x0000000082700000, 0x0000000082700000| Untracked 
|  40|0x0000000082800000, 0x0000000082900000, 0x0000000082900000|100%| O|  |TAMS 0x0000000082900000, 0x0000000082800000| Untracked 
|  41|0x0000000082900000, 0x0000000082a00000, 0x0000000082a00000|100%| O|  |TAMS 0x0000000082a00000, 0x0000000082900000| Untracked 
|  42|0x0000000082a00000, 0x0000000082b00000, 0x0000000082b00000|100%| O|  |TAMS 0x0000000082b00000, 0x0000000082a00000| Untracked 
|  43|0x0000000082b00000, 0x0000000082c00000, 0x0000000082c00000|100%| O|  |TAMS 0x0000000082c00000, 0x0000000082b00000| Untracked 
|  44|0x0000000082c00000, 0x0000000082d00000, 0x0000000082d00000|100%| O|  |TAMS 0x0000000082d00000, 0x0000000082c00000| Untracked 
|  45|0x0000000082d00000, 0x0000000082e00000, 0x0000000082e00000|100%| O|  |TAMS 0x0000000082e00000, 0x0000000082d00000| Untracked 
|  46|0x0000000082e00000, 0x0000000082f00000, 0x0000000082f00000|100%| O|  |TAMS 0x0000000082f00000, 0x0000000082e00000| Untracked 
|  47|0x0000000082f00000, 0x0000000083000000, 0x0000000083000000|100%| O|  |TAMS 0x0000000083000000, 0x0000000082f00000| Untracked 
|  48|0x0000000083000000, 0x0000000083100000, 0x0000000083100000|100%| O|  |TAMS 0x0000000083100000, 0x0000000083000000| Untracked 
|  49|0x0000000083100000, 0x0000000083200000, 0x0000000083200000|100%| O|  |TAMS 0x0000000083200000, 0x0000000083100000| Untracked 
|  50|0x0000000083200000, 0x0000000083300000, 0x0000000083300000|100%| O|  |TAMS 0x0000000083300000, 0x0000000083200000| Untracked 
|  51|0x0000000083300000, 0x0000000083400000, 0x0000000083400000|100%| O|  |TAMS 0x0000000083400000, 0x0000000083300000| Untracked 
|  52|0x0000000083400000, 0x0000000083500000, 0x0000000083500000|100%| O|  |TAMS 0x0000000083500000, 0x0000000083400000| Untracked 
|  53|0x0000000083500000, 0x0000000083600000, 0x0000000083600000|100%| O|  |TAMS 0x0000000083600000, 0x0000000083500000| Untracked 
|  54|0x0000000083600000, 0x0000000083700000, 0x0000000083700000|100%| O|  |TAMS 0x0000000083700000, 0x0000000083600000| Untracked 
|  55|0x0000000083700000, 0x0000000083700000, 0x0000000083800000|  0%| F|  |TAMS 0x0000000083700000, 0x0000000083700000| Untracked 
|  56|0x0000000083800000, 0x0000000083800000, 0x0000000083900000|  0%| F|  |TAMS 0x0000000083800000, 0x0000000083800000| Untracked 
|  57|0x0000000083900000, 0x0000000083900000, 0x0000000083a00000|  0%| F|  |TAMS 0x0000000083900000, 0x0000000083900000| Untracked 
|  58|0x0000000083a00000, 0x0000000083a00000, 0x0000000083b00000|  0%| F|  |TAMS 0x0000000083a00000, 0x0000000083a00000| Untracked 
|  59|0x0000000083b00000, 0x0000000083b00000, 0x0000000083c00000|  0%| F|  |TAMS 0x0000000083b00000, 0x0000000083b00000| Untracked 
|  60|0x0000000083c00000, 0x0000000083c00000, 0x0000000083d00000|  0%| F|  |TAMS 0x0000000083c00000, 0x0000000083c00000| Untracked 
|  61|0x0000000083d00000, 0x0000000083d00000, 0x0000000083e00000|  0%| F|  |TAMS 0x0000000083d00000, 0x0000000083d00000| Untracked 
|  62|0x0000000083e00000, 0x0000000083e00000, 0x0000000083f00000|  0%| F|  |TAMS 0x0000000083e00000, 0x0000000083e00000| Untracked 
|  63|0x0000000083f00000, 0x0000000083f00000, 0x0000000084000000|  0%| F|  |TAMS 0x0000000083f00000, 0x0000000083f00000| Untracked 
|  64|0x0000000084000000, 0x0000000084000000, 0x0000000084100000|  0%| F|  |TAMS 0x0000000084000000, 0x0000000084000000| Untracked 
|  65|0x0000000084100000, 0x0000000084100000, 0x0000000084200000|  0%| F|  |TAMS 0x0000000084100000, 0x0000000084100000| Untracked 
|  66|0x0000000084200000, 0x0000000084200000, 0x0000000084300000|  0%| F|  |TAMS 0x0000000084200000, 0x0000000084200000| Untracked 
|  67|0x0000000084300000, 0x0000000084300000, 0x0000000084400000|  0%| F|  |TAMS 0x0000000084300000, 0x0000000084300000| Untracked 
|  68|0x0000000084400000, 0x0000000084400000, 0x0000000084500000|  0%| F|  |TAMS 0x0000000084400000, 0x0000000084400000| Untracked 
|  69|0x0000000084500000, 0x0000000084500000, 0x0000000084600000|  0%| F|  |TAMS 0x0000000084500000, 0x0000000084500000| Untracked 
|  70|0x0000000084600000, 0x0000000084600000, 0x0000000084700000|  0%| F|  |TAMS 0x0000000084600000, 0x0000000084600000| Untracked 
|  71|0x0000000084700000, 0x0000000084700000, 0x0000000084800000|  0%| F|  |TAMS 0x0000000084700000, 0x0000000084700000| Untracked 
|  72|0x0000000084800000, 0x0000000084800000, 0x0000000084900000|  0%| F|  |TAMS 0x0000000084800000, 0x0000000084800000| Untracked 
|  73|0x0000000084900000, 0x0000000084900000, 0x0000000084a00000|  0%| F|  |TAMS 0x0000000084900000, 0x0000000084900000| Untracked 
|  74|0x0000000084a00000, 0x0000000084a00000, 0x0000000084b00000|  0%| F|  |TAMS 0x0000000084a00000, 0x0000000084a00000| Untracked 
|  75|0x0000000084b00000, 0x0000000084b00000, 0x0000000084c00000|  0%| F|  |TAMS 0x0000000084b00000, 0x0000000084b00000| Untracked 
|  76|0x0000000084c00000, 0x0000000084c00000, 0x0000000084d00000|  0%| F|  |TAMS 0x0000000084c00000, 0x0000000084c00000| Untracked 
|  77|0x0000000084d00000, 0x0000000084d00000, 0x0000000084e00000|  0%| F|  |TAMS 0x0000000084d00000, 0x0000000084d00000| Untracked 
|  78|0x0000000084e00000, 0x0000000084e00000, 0x0000000084f00000|  0%| F|  |TAMS 0x0000000084e00000, 0x0000000084e00000| Untracked 
|  79|0x0000000084f00000, 0x0000000084f00000, 0x0000000085000000|  0%| F|  |TAMS 0x0000000084f00000, 0x0000000084f00000| Untracked 
|  80|0x0000000085000000, 0x0000000085000000, 0x0000000085100000|  0%| F|  |TAMS 0x0000000085000000, 0x0000000085000000| Untracked 
|  81|0x0000000085100000, 0x0000000085100000, 0x0000000085200000|  0%| F|  |TAMS 0x0000000085100000, 0x0000000085100000| Untracked 
|  82|0x0000000085200000, 0x0000000085200000, 0x0000000085300000|  0%| F|  |TAMS 0x0000000085200000, 0x0000000085200000| Untracked 
|  83|0x0000000085300000, 0x0000000085300000, 0x0000000085400000|  0%| F|  |TAMS 0x0000000085300000, 0x0000000085300000| Untracked 
|  84|0x0000000085400000, 0x0000000085400000, 0x0000000085500000|  0%| F|  |TAMS 0x0000000085400000, 0x0000000085400000| Untracked 
|  85|0x0000000085500000, 0x0000000085500000, 0x0000000085600000|  0%| F|  |TAMS 0x0000000085500000, 0x0000000085500000| Untracked 
|  86|0x0000000085600000, 0x0000000085600000, 0x0000000085700000|  0%| F|  |TAMS 0x0000000085600000, 0x0000000085600000| Untracked 
|  87|0x0000000085700000, 0x0000000085700000, 0x0000000085800000|  0%| F|  |TAMS 0x0000000085700000, 0x0000000085700000| Untracked 
|  88|0x0000000085800000, 0x0000000085800000, 0x0000000085900000|  0%| F|  |TAMS 0x0000000085800000, 0x0000000085800000| Untracked 
|  89|0x0000000085900000, 0x0000000085900000, 0x0000000085a00000|  0%| F|  |TAMS 0x0000000085900000, 0x0000000085900000| Untracked 
|  90|0x0000000085a00000, 0x0000000085a00000, 0x0000000085b00000|  0%| F|  |TAMS 0x0000000085a00000, 0x0000000085a00000| Untracked 
|  91|0x0000000085b00000, 0x0000000085b00000, 0x0000000085c00000|  0%| F|  |TAMS 0x0000000085b00000, 0x0000000085b00000| Untracked 
|  92|0x0000000085c00000, 0x0000000085c00000, 0x0000000085d00000|  0%| F|  |TAMS 0x0000000085c00000, 0x0000000085c00000| Untracked 
|  93|0x0000000085d00000, 0x0000000085d00000, 0x0000000085e00000|  0%| F|  |TAMS 0x0000000085d00000, 0x0000000085d00000| Untracked 
|  94|0x0000000085e00000, 0x0000000085e00000, 0x0000000085f00000|  0%| F|  |TAMS 0x0000000085e00000, 0x0000000085e00000| Untracked 
|  95|0x0000000085f00000, 0x0000000085f00000, 0x0000000086000000|  0%| F|  |TAMS 0x0000000085f00000, 0x0000000085f00000| Untracked 
|  96|0x0000000086000000, 0x0000000086000000, 0x0000000086100000|  0%| F|  |TAMS 0x0000000086000000, 0x0000000086000000| Untracked 
|  97|0x0000000086100000, 0x0000000086100000, 0x0000000086200000|  0%| F|  |TAMS 0x0000000086100000, 0x0000000086100000| Untracked 
|  98|0x0000000086200000, 0x0000000086200000, 0x0000000086300000|  0%| F|  |TAMS 0x0000000086200000, 0x0000000086200000| Untracked 
|  99|0x0000000086300000, 0x0000000086300000, 0x0000000086400000|  0%| F|  |TAMS 0x0000000086300000, 0x0000000086300000| Untracked 
| 100|0x0000000086400000, 0x0000000086400000, 0x0000000086500000|  0%| F|  |TAMS 0x0000000086400000, 0x0000000086400000| Untracked 
| 101|0x0000000086500000, 0x0000000086500000, 0x0000000086600000|  0%| F|  |TAMS 0x0000000086500000, 0x0000000086500000| Untracked 
| 102|0x0000000086600000, 0x0000000086600000, 0x0000000086700000|  0%| F|  |TAMS 0x0000000086600000, 0x0000000086600000| Untracked 
| 103|0x0000000086700000, 0x0000000086700000, 0x0000000086800000|  0%| F|  |TAMS 0x0000000086700000, 0x0000000086700000| Untracked 
| 104|0x0000000086800000, 0x0000000086800000, 0x0000000086900000|  0%| F|  |TAMS 0x0000000086800000, 0x0000000086800000| Untracked 
| 105|0x0000000086900000, 0x0000000086900000, 0x0000000086a00000|  0%| F|  |TAMS 0x0000000086900000, 0x0000000086900000| Untracked 
| 106|0x0000000086a00000, 0x0000000086a00000, 0x0000000086b00000|  0%| F|  |TAMS 0x0000000086a00000, 0x0000000086a00000| Untracked 
| 107|0x0000000086b00000, 0x0000000086b00000, 0x0000000086c00000|  0%| F|  |TAMS 0x0000000086b00000, 0x0000000086b00000| Untracked 
| 108|0x0000000086c00000, 0x0000000086c00000, 0x0000000086d00000|  0%| F|  |TAMS 0x0000000086c00000, 0x0000000086c00000| Untracked 
| 109|0x0000000086d00000, 0x0000000086d00000, 0x0000000086e00000|  0%| F|  |TAMS 0x0000000086d00000, 0x0000000086d00000| Untracked 
| 110|0x0000000086e00000, 0x0000000086e00000, 0x0000000086f00000|  0%| F|  |TAMS 0x0000000086e00000, 0x0000000086e00000| Untracked 
| 111|0x0000000086f00000, 0x0000000086f00000, 0x0000000087000000|  0%| F|  |TAMS 0x0000000086f00000, 0x0000000086f00000| Untracked 
| 112|0x0000000087000000, 0x0000000087000000, 0x0000000087100000|  0%| F|  |TAMS 0x0000000087000000, 0x0000000087000000| Untracked 
| 113|0x0000000087100000, 0x0000000087100000, 0x0000000087200000|  0%| F|  |TAMS 0x0000000087100000, 0x0000000087100000| Untracked 
| 114|0x0000000087200000, 0x0000000087200000, 0x0000000087300000|  0%| F|  |TAMS 0x0000000087200000, 0x0000000087200000| Untracked 
| 115|0x0000000087300000, 0x0000000087300000, 0x0000000087400000|  0%| F|  |TAMS 0x0000000087300000, 0x0000000087300000| Untracked 
| 116|0x0000000087400000, 0x0000000087400000, 0x0000000087500000|  0%| F|  |TAMS 0x0000000087400000, 0x0000000087400000| Untracked 
| 117|0x0000000087500000, 0x0000000087500000, 0x0000000087600000|  0%| F|  |TAMS 0x0000000087500000, 0x0000000087500000| Untracked 
| 118|0x0000000087600000, 0x0000000087600000, 0x0000000087700000|  0%| F|  |TAMS 0x0000000087600000, 0x0000000087600000| Untracked 
| 119|0x0000000087700000, 0x0000000087700000, 0x0000000087800000|  0%| F|  |TAMS 0x0000000087700000, 0x0000000087700000| Untracked 
| 120|0x0000000087800000, 0x0000000087800000, 0x0000000087900000|  0%| F|  |TAMS 0x0000000087800000, 0x0000000087800000| Untracked 
| 121|0x0000000087900000, 0x0000000087900000, 0x0000000087a00000|  0%| F|  |TAMS 0x0000000087900000, 0x0000000087900000| Untracked 
| 122|0x0000000087a00000, 0x0000000087a00000, 0x0000000087b00000|  0%| F|  |TAMS 0x0000000087a00000, 0x0000000087a00000| Untracked 
| 123|0x0000000087b00000, 0x0000000087b00000, 0x0000000087c00000|  0%| F|  |TAMS 0x0000000087b00000, 0x0000000087b00000| Untracked 
| 124|0x0000000087c00000, 0x0000000087c00000, 0x0000000087d00000|  0%| F|  |TAMS 0x0000000087c00000, 0x0000000087c00000| Untracked 
| 125|0x0000000087d00000, 0x0000000087d00000, 0x0000000087e00000|  0%| F|  |TAMS 0x0000000087d00000, 0x0000000087d00000| Untracked 
| 126|0x0000000087e00000, 0x0000000087e00000, 0x0000000087f00000|  0%| F|  |TAMS 0x0000000087e00000, 0x0000000087e00000| Untracked 
| 127|0x0000000087f00000, 0x0000000087f00000, 0x0000000088000000|  0%| F|  |TAMS 0x0000000087f00000, 0x0000000087f00000| Untracked 
| 128|0x0000000088000000, 0x0000000088000000, 0x0000000088100000|  0%| F|  |TAMS 0x0000000088000000, 0x0000000088000000| Untracked 
| 129|0x0000000088100000, 0x0000000088100000, 0x0000000088200000|  0%| F|  |TAMS 0x0000000088100000, 0x0000000088100000| Untracked 
| 130|0x0000000088200000, 0x0000000088200000, 0x0000000088300000|  0%| F|  |TAMS 0x0000000088200000, 0x0000000088200000| Untracked 
| 131|0x0000000088300000, 0x0000000088300000, 0x0000000088400000|  0%| F|  |TAMS 0x0000000088300000, 0x0000000088300000| Untracked 
| 132|0x0000000088400000, 0x0000000088400000, 0x0000000088500000|  0%| F|  |TAMS 0x0000000088400000, 0x0000000088400000| Untracked 
| 133|0x0000000088500000, 0x0000000088500000, 0x0000000088600000|  0%| F|  |TAMS 0x0000000088500000, 0x0000000088500000| Untracked 
| 134|0x0000000088600000, 0x0000000088600000, 0x0000000088700000|  0%| F|  |TAMS 0x0000000088600000, 0x0000000088600000| Untracked 
| 135|0x0000000088700000, 0x0000000088700000, 0x0000000088800000|  0%| F|  |TAMS 0x0000000088700000, 0x0000000088700000| Untracked 
| 136|0x0000000088800000, 0x0000000088800000, 0x0000000088900000|  0%| F|  |TAMS 0x0000000088800000, 0x0000000088800000| Untracked 
| 137|0x0000000088900000, 0x0000000088900000, 0x0000000088a00000|  0%| F|  |TAMS 0x0000000088900000, 0x0000000088900000| Untracked 
| 138|0x0000000088a00000, 0x0000000088a00000, 0x0000000088b00000|  0%| F|  |TAMS 0x0000000088a00000, 0x0000000088a00000| Untracked 
| 139|0x0000000088b00000, 0x0000000088b00000, 0x0000000088c00000|  0%| F|  |TAMS 0x0000000088b00000, 0x0000000088b00000| Untracked 
| 140|0x0000000088c00000, 0x0000000088c00000, 0x0000000088d00000|  0%| F|  |TAMS 0x0000000088c00000, 0x0000000088c00000| Untracked 
| 141|0x0000000088d00000, 0x0000000088d00000, 0x0000000088e00000|  0%| F|  |TAMS 0x0000000088d00000, 0x0000000088d00000| Untracked 
| 142|0x0000000088e00000, 0x0000000088e00000, 0x0000000088f00000|  0%| F|  |TAMS 0x0000000088e00000, 0x0000000088e00000| Untracked 
| 143|0x0000000088f00000, 0x0000000088f00000, 0x0000000089000000|  0%| F|  |TAMS 0x0000000088f00000, 0x0000000088f00000| Untracked 
| 144|0x0000000089000000, 0x0000000089000000, 0x0000000089100000|  0%| F|  |TAMS 0x0000000089000000, 0x0000000089000000| Untracked 
| 145|0x0000000089100000, 0x0000000089100000, 0x0000000089200000|  0%| F|  |TAMS 0x0000000089100000, 0x0000000089100000| Untracked 
| 146|0x0000000089200000, 0x0000000089200000, 0x0000000089300000|  0%| F|  |TAMS 0x0000000089200000, 0x0000000089200000| Untracked 
| 147|0x0000000089300000, 0x0000000089300000, 0x0000000089400000|  0%| F|  |TAMS 0x0000000089300000, 0x0000000089300000| Untracked 
| 148|0x0000000089400000, 0x0000000089400000, 0x0000000089500000|  0%| F|  |TAMS 0x0000000089400000, 0x0000000089400000| Untracked 
| 149|0x0000000089500000, 0x0000000089500000, 0x0000000089600000|  0%| F|  |TAMS 0x0000000089500000, 0x0000000089500000| Untracked 
| 150|0x0000000089600000, 0x0000000089600000, 0x0000000089700000|  0%| F|  |TAMS 0x0000000089600000, 0x0000000089600000| Untracked 
| 151|0x0000000089700000, 0x0000000089700000, 0x0000000089800000|  0%| F|  |TAMS 0x0000000089700000, 0x0000000089700000| Untracked 
| 152|0x0000000089800000, 0x0000000089800000, 0x0000000089900000|  0%| F|  |TAMS 0x0000000089800000, 0x0000000089800000| Untracked 
| 153|0x0000000089900000, 0x0000000089900000, 0x0000000089a00000|  0%| F|  |TAMS 0x0000000089900000, 0x0000000089900000| Untracked 
| 154|0x0000000089a00000, 0x0000000089a00000, 0x0000000089b00000|  0%| F|  |TAMS 0x0000000089a00000, 0x0000000089a00000| Untracked 
| 155|0x0000000089b00000, 0x0000000089b00000, 0x0000000089c00000|  0%| F|  |TAMS 0x0000000089b00000, 0x0000000089b00000| Untracked 
| 156|0x0000000089c00000, 0x0000000089c00000, 0x0000000089d00000|  0%| F|  |TAMS 0x0000000089c00000, 0x0000000089c00000| Untracked 
| 157|0x0000000089d00000, 0x0000000089d00000, 0x0000000089e00000|  0%| F|  |TAMS 0x0000000089d00000, 0x0000000089d00000| Untracked 
| 158|0x0000000089e00000, 0x0000000089e00000, 0x0000000089f00000|  0%| F|  |TAMS 0x0000000089e00000, 0x0000000089e00000| Untracked 
| 159|0x0000000089f00000, 0x0000000089f00000, 0x000000008a000000|  0%| F|  |TAMS 0x0000000089f00000, 0x0000000089f00000| Untracked 
| 160|0x000000008a000000, 0x000000008a000000, 0x000000008a100000|  0%| F|  |TAMS 0x000000008a000000, 0x000000008a000000| Untracked 
| 161|0x000000008a100000, 0x000000008a100000, 0x000000008a200000|  0%| F|  |TAMS 0x000000008a100000, 0x000000008a100000| Untracked 
| 162|0x000000008a200000, 0x000000008a200000, 0x000000008a300000|  0%| F|  |TAMS 0x000000008a200000, 0x000000008a200000| Untracked 
| 163|0x000000008a300000, 0x000000008a300000, 0x000000008a400000|  0%| F|  |TAMS 0x000000008a300000, 0x000000008a300000| Untracked 
| 164|0x000000008a400000, 0x000000008a400000, 0x000000008a500000|  0%| F|  |TAMS 0x000000008a400000, 0x000000008a400000| Untracked 
| 165|0x000000008a500000, 0x000000008a500000, 0x000000008a600000|  0%| F|  |TAMS 0x000000008a500000, 0x000000008a500000| Untracked 
| 166|0x000000008a600000, 0x000000008a600000, 0x000000008a700000|  0%| F|  |TAMS 0x000000008a600000, 0x000000008a600000| Untracked 
| 167|0x000000008a700000, 0x000000008a800000, 0x000000008a800000|100%| S|CS|TAMS 0x000000008a700000, 0x000000008a700000| Complete 
| 168|0x000000008a800000, 0x000000008a900000, 0x000000008a900000|100%| S|CS|TAMS 0x000000008a800000, 0x000000008a800000| Complete 
| 169|0x000000008a900000, 0x000000008aa00000, 0x000000008aa00000|100%| S|CS|TAMS 0x000000008a900000, 0x000000008a900000| Complete 
| 170|0x000000008aa00000, 0x000000008ab00000, 0x000000008ab00000|100%| S|CS|TAMS 0x000000008aa00000, 0x000000008aa00000| Complete 
| 171|0x000000008ab00000, 0x000000008ac00000, 0x000000008ac00000|100%| S|CS|TAMS 0x000000008ab00000, 0x000000008ab00000| Complete 
| 172|0x000000008ac00000, 0x000000008ad00000, 0x000000008ad00000|100%| S|CS|TAMS 0x000000008ac00000, 0x000000008ac00000| Complete 
| 173|0x000000008ad00000, 0x000000008ae00000, 0x000000008ae00000|100%| S|CS|TAMS 0x000000008ad00000, 0x000000008ad00000| Complete 
| 174|0x000000008ae00000, 0x000000008af00000, 0x000000008af00000|100%| S|CS|TAMS 0x000000008ae00000, 0x000000008ae00000| Complete 
| 175|0x000000008af00000, 0x000000008b000000, 0x000000008b000000|100%| S|CS|TAMS 0x000000008af00000, 0x000000008af00000| Complete 
| 176|0x000000008b000000, 0x000000008b100000, 0x000000008b100000|100%| S|CS|TAMS 0x000000008b000000, 0x000000008b000000| Complete 
| 177|0x000000008b100000, 0x000000008b200000, 0x000000008b200000|100%| S|CS|TAMS 0x000000008b100000, 0x000000008b100000| Complete 
| 178|0x000000008b200000, 0x000000008b200000, 0x000000008b300000|  0%| F|  |TAMS 0x000000008b200000, 0x000000008b200000| Untracked 
| 179|0x000000008b300000, 0x000000008b300000, 0x000000008b400000|  0%| F|  |TAMS 0x000000008b300000, 0x000000008b300000| Untracked 
| 180|0x000000008b400000, 0x000000008b400000, 0x000000008b500000|  0%| F|  |TAMS 0x000000008b400000, 0x000000008b400000| Untracked 
| 181|0x000000008b500000, 0x000000008b500000, 0x000000008b600000|  0%| F|  |TAMS 0x000000008b500000, 0x000000008b500000| Untracked 
| 182|0x000000008b600000, 0x000000008b600000, 0x000000008b700000|  0%| F|  |TAMS 0x000000008b600000, 0x000000008b600000| Untracked 
| 183|0x000000008b700000, 0x000000008b700000, 0x000000008b800000|  0%| F|  |TAMS 0x000000008b700000, 0x000000008b700000| Untracked 
| 184|0x000000008b800000, 0x000000008b800000, 0x000000008b900000|  0%| F|  |TAMS 0x000000008b800000, 0x000000008b800000| Untracked 
| 185|0x000000008b900000, 0x000000008b900000, 0x000000008ba00000|  0%| F|  |TAMS 0x000000008b900000, 0x000000008b900000| Untracked 
| 186|0x000000008ba00000, 0x000000008ba00000, 0x000000008bb00000|  0%| F|  |TAMS 0x000000008ba00000, 0x000000008ba00000| Untracked 
| 187|0x000000008bb00000, 0x000000008bb00000, 0x000000008bc00000|  0%| F|  |TAMS 0x000000008bb00000, 0x000000008bb00000| Untracked 
| 188|0x000000008bc00000, 0x000000008bc00000, 0x000000008bd00000|  0%| F|  |TAMS 0x000000008bc00000, 0x000000008bc00000| Untracked 
| 189|0x000000008bd00000, 0x000000008bd00000, 0x000000008be00000|  0%| F|  |TAMS 0x000000008bd00000, 0x000000008bd00000| Untracked 
| 190|0x000000008be00000, 0x000000008be00000, 0x000000008bf00000|  0%| F|  |TAMS 0x000000008be00000, 0x000000008be00000| Untracked 
| 191|0x000000008bf00000, 0x000000008bf00000, 0x000000008c000000|  0%| F|  |TAMS 0x000000008bf00000, 0x000000008bf00000| Untracked 
| 192|0x000000008c000000, 0x000000008c000000, 0x000000008c100000|  0%| F|  |TAMS 0x000000008c000000, 0x000000008c000000| Untracked 
| 193|0x000000008c100000, 0x000000008c100000, 0x000000008c200000|  0%| F|  |TAMS 0x000000008c100000, 0x000000008c100000| Untracked 
| 194|0x000000008c200000, 0x000000008c200000, 0x000000008c300000|  0%| F|  |TAMS 0x000000008c200000, 0x000000008c200000| Untracked 
| 195|0x000000008c300000, 0x000000008c300000, 0x000000008c400000|  0%| F|  |TAMS 0x000000008c300000, 0x000000008c300000| Untracked 
| 196|0x000000008c400000, 0x000000008c400000, 0x000000008c500000|  0%| F|  |TAMS 0x000000008c400000, 0x000000008c400000| Untracked 
| 197|0x000000008c500000, 0x000000008c500000, 0x000000008c600000|  0%| F|  |TAMS 0x000000008c500000, 0x000000008c500000| Untracked 
| 198|0x000000008c600000, 0x000000008c600000, 0x000000008c700000|  0%| F|  |TAMS 0x000000008c600000, 0x000000008c600000| Untracked 
| 199|0x000000008c700000, 0x000000008c700000, 0x000000008c800000|  0%| F|  |TAMS 0x000000008c700000, 0x000000008c700000| Untracked 
| 200|0x000000008c800000, 0x000000008c800000, 0x000000008c900000|  0%| F|  |TAMS 0x000000008c800000, 0x000000008c800000| Untracked 
| 201|0x000000008c900000, 0x000000008c900000, 0x000000008ca00000|  0%| F|  |TAMS 0x000000008c900000, 0x000000008c900000| Untracked 
| 202|0x000000008ca00000, 0x000000008ca00000, 0x000000008cb00000|  0%| F|  |TAMS 0x000000008ca00000, 0x000000008ca00000| Untracked 
| 203|0x000000008cb00000, 0x000000008cb00000, 0x000000008cc00000|  0%| F|  |TAMS 0x000000008cb00000, 0x000000008cb00000| Untracked 
| 204|0x000000008cc00000, 0x000000008cc00000, 0x000000008cd00000|  0%| F|  |TAMS 0x000000008cc00000, 0x000000008cc00000| Untracked 
| 205|0x000000008cd00000, 0x000000008cd00000, 0x000000008ce00000|  0%| F|  |TAMS 0x000000008cd00000, 0x000000008cd00000| Untracked 
| 206|0x000000008ce00000, 0x000000008ce00000, 0x000000008cf00000|  0%| F|  |TAMS 0x000000008ce00000, 0x000000008ce00000| Untracked 
| 207|0x000000008cf00000, 0x000000008cf00000, 0x000000008d000000|  0%| F|  |TAMS 0x000000008cf00000, 0x000000008cf00000| Untracked 
| 208|0x000000008d000000, 0x000000008d000000, 0x000000008d100000|  0%| F|  |TAMS 0x000000008d000000, 0x000000008d000000| Untracked 
| 209|0x000000008d100000, 0x000000008d100000, 0x000000008d200000|  0%| F|  |TAMS 0x000000008d100000, 0x000000008d100000| Untracked 
| 210|0x000000008d200000, 0x000000008d200000, 0x000000008d300000|  0%| F|  |TAMS 0x000000008d200000, 0x000000008d200000| Untracked 
| 211|0x000000008d300000, 0x000000008d300000, 0x000000008d400000|  0%| F|  |TAMS 0x000000008d300000, 0x000000008d300000| Untracked 
| 212|0x000000008d400000, 0x000000008d400000, 0x000000008d500000|  0%| F|  |TAMS 0x000000008d400000, 0x000000008d400000| Untracked 
| 213|0x000000008d500000, 0x000000008d500000, 0x000000008d600000|  0%| F|  |TAMS 0x000000008d500000, 0x000000008d500000| Untracked 
| 214|0x000000008d600000, 0x000000008d600000, 0x000000008d700000|  0%| F|  |TAMS 0x000000008d600000, 0x000000008d600000| Untracked 
| 215|0x000000008d700000, 0x000000008d700000, 0x000000008d800000|  0%| F|  |TAMS 0x000000008d700000, 0x000000008d700000| Untracked 
| 216|0x000000008d800000, 0x000000008d800000, 0x000000008d900000|  0%| F|  |TAMS 0x000000008d800000, 0x000000008d800000| Untracked 
| 217|0x000000008d900000, 0x000000008d900000, 0x000000008da00000|  0%| F|  |TAMS 0x000000008d900000, 0x000000008d900000| Untracked 
| 218|0x000000008da00000, 0x000000008da00000, 0x000000008db00000|  0%| F|  |TAMS 0x000000008da00000, 0x000000008da00000| Untracked 
| 219|0x000000008db00000, 0x000000008db00000, 0x000000008dc00000|  0%| F|  |TAMS 0x000000008db00000, 0x000000008db00000| Untracked 
| 220|0x000000008dc00000, 0x000000008dc00000, 0x000000008dd00000|  0%| F|  |TAMS 0x000000008dc00000, 0x000000008dc00000| Untracked 
| 221|0x000000008dd00000, 0x000000008dd00000, 0x000000008de00000|  0%| F|  |TAMS 0x000000008dd00000, 0x000000008dd00000| Untracked 
| 222|0x000000008de00000, 0x000000008df00000, 0x000000008df00000|100%| E|  |TAMS 0x000000008de00000, 0x000000008de00000| Complete 
| 223|0x000000008df00000, 0x000000008e000000, 0x000000008e000000|100%| E|CS|TAMS 0x000000008df00000, 0x000000008df00000| Complete 
| 224|0x000000008e000000, 0x000000008e100000, 0x000000008e100000|100%| E|CS|TAMS 0x000000008e000000, 0x000000008e000000| Complete 
| 225|0x000000008e100000, 0x000000008e200000, 0x000000008e200000|100%| E|CS|TAMS 0x000000008e100000, 0x000000008e100000| Complete 
| 226|0x000000008e200000, 0x000000008e300000, 0x000000008e300000|100%| E|CS|TAMS 0x000000008e200000, 0x000000008e200000| Complete 
| 227|0x000000008e300000, 0x000000008e400000, 0x000000008e400000|100%| E|CS|TAMS 0x000000008e300000, 0x000000008e300000| Complete 
| 228|0x000000008e400000, 0x000000008e500000, 0x000000008e500000|100%| E|CS|TAMS 0x000000008e400000, 0x000000008e400000| Complete 
| 229|0x000000008e500000, 0x000000008e600000, 0x000000008e600000|100%| E|CS|TAMS 0x000000008e500000, 0x000000008e500000| Complete 
| 230|0x000000008e600000, 0x000000008e700000, 0x000000008e700000|100%| E|CS|TAMS 0x000000008e600000, 0x000000008e600000| Complete 

Card table byte_map: [0x000001774c6f0000,0x000001774caf0000] _byte_map_base: 0x000001774c2f0000

Marking Bits (Prev, Next): (CMBitMap*) 0x0000017737a0ee88, (CMBitMap*) 0x0000017737a0eec0
 Prev Bits: [0x000001774cef0000, 0x000001774eef0000)
 Next Bits: [0x000001774eef0000, 0x0000017750ef0000)

Polling page: 0x0000017737ab0000

Metaspace:

Usage:
  Non-class:     65.47 MB capacity,    64.52 MB ( 99%) used,   797.23 KB (  1%) free+waste,   184.25 KB ( <1%) overhead. 
      Class:     10.10 MB capacity,     9.52 MB ( 94%) used,   509.63 KB (  5%) free+waste,    84.81 KB ( <1%) overhead. 
       Both:     75.58 MB capacity,    74.04 MB ( 98%) used,     1.28 MB (  2%) free+waste,   269.06 KB ( <1%) overhead. 

Virtual space:
  Non-class space:       66.00 MB reserved,      65.70 MB (>99%) committed 
      Class space:        1.00 GB reserved,      10.13 MB ( <1%) committed 
             Both:        1.06 GB reserved,      75.82 MB (  7%) committed 

Chunk freelists:
   Non-Class:  26.00 KB
       Class:  25.00 KB
        Both:  51.00 KB

MaxMetaspaceSize: 17179869184.00 GB
CompressedClassSpaceSize: 1.00 GB
Initial GC threshold: 20.80 MB
Current GC threshold: 125.54 MB
CDS: off

CodeHeap 'non-profiled nmethods': size=120064Kb used=4307Kb max_used=4307Kb free=115756Kb
 bounds [0x0000017744790000, 0x0000017744bd0000, 0x000001774bcd0000]
CodeHeap 'profiled nmethods': size=120000Kb used=15776Kb max_used=15776Kb free=104224Kb
 bounds [0x000001773d260000, 0x000001773e1d0000, 0x0000017744790000]
CodeHeap 'non-nmethods': size=5696Kb used=2392Kb max_used=2392Kb free=3303Kb
 bounds [0x000001773ccd0000, 0x000001773cf40000, 0x000001773d260000]
 total_blobs=8266 nmethods=7395 adapters=781
 compilation: enabled
              stopped_count=0, restarted_count=0
 full_count=0

Compilation events (20 events):
Event: 19.099 Thread 0x0000017753de5000 7445       3       org.gradle.api.internal.artifacts.result.DefaultResolutionResult::eachElement (92 bytes)
Event: 19.100 Thread 0x0000017753de5000 nmethod 7445 0x000001773e198c10 code [0x000001773e198f00, 0x000001773e19a158]
Event: 19.101 Thread 0x0000017753de5000 7446       1       org.gradle.api.internal.artifacts.result.DefaultResolvedComponentResult::getId (5 bytes)
Event: 19.101 Thread 0x0000017753de5000 nmethod 7446 0x0000017744bc4310 code [0x0000017744bc44c0, 0x0000017744bc4578]
Event: 19.101 Thread 0x0000017753de5000 7447       1       com.android.build.gradle.internal.utils.ViolatingPluginDetector::access$getPluginToSearch$p (5 bytes)
Event: 19.101 Thread 0x0000017753de5000 nmethod 7447 0x0000017744bc4610 code [0x0000017744bc47c0, 0x0000017744bc4858]
Event: 19.101 Thread 0x0000017753de5000 7448       1       com.android.build.gradle.internal.utils.DependencyInfo::getDependencyGroup (5 bytes)
Event: 19.102 Thread 0x0000017753de5000 nmethod 7448 0x0000017744bc4910 code [0x0000017744bc4ac0, 0x0000017744bc4b78]
Event: 19.102 Thread 0x0000017753de5000 7450       3       com.android.build.gradle.internal.utils.ViolatingPluginDetector$detect$violatingPlugins$1::invoke (9 bytes)
Event: 19.102 Thread 0x0000017753de5000 nmethod 7450 0x000001773e19a710 code [0x000001773e19a8e0, 0x000001773e19ab08]
Event: 19.103 Thread 0x0000017753de5000 7451       3       com.android.build.gradle.internal.utils.ViolatingPluginDetector$detect$violatingPlugins$1::invoke (94 bytes)
Event: 19.105 Thread 0x0000017753de5000 nmethod 7451 0x000001773e19ac10 code [0x000001773e19af00, 0x000001773e19beb8]
Event: 19.105 Thread 0x0000017753de5000 7452       3       com.google.common.collect.Lists::newArrayList (36 bytes)
Event: 19.106 Thread 0x0000017753de5000 nmethod 7452 0x000001773e19c510 code [0x000001773e19c760, 0x000001773e19d098]
Event: 19.152 Thread 0x0000017753de5000 7454       3       sun.reflect.generics.tree.Wildcard::make (10 bytes)
Event: 19.152 Thread 0x0000017753de5000 nmethod 7454 0x000001773e19d310 code [0x000001773e19d4e0, 0x000001773e19d798]
Event: 19.152 Thread 0x0000017753de5000 7455       3       sun.reflect.generics.tree.Wildcard::<init> (15 bytes)
Event: 19.152 Thread 0x0000017753de5000 nmethod 7455 0x000001773e19d890 code [0x000001773e19da40, 0x000001773e19dc58]
Event: 19.153 Thread 0x0000017753de5000 7456       3       java.security.ProtectionDomain::<init> (99 bytes)
Event: 19.154 Thread 0x0000017753de5000 nmethod 7456 0x000001773e19dd10 code [0x000001773e19df40, 0x000001773e19ea28]

GC Heap History (20 events):
Event: 2.276 GC heap before
{Heap before GC invocations=1 (full 0):
 garbage-first heap   total 196608K, used 46471K [0x0000000080000000, 0x0000000100000000)
  region size 1024K, 40 young (40960K), 2 survivors (2048K)
 Metaspace       used 10859K, capacity 11073K, committed 11264K, reserved 1058816K
  class space    used 1112K, capacity 1207K, committed 1280K, reserved 1048576K
}
Event: 2.282 GC heap after
{Heap after GC invocations=2 (full 0):
 garbage-first heap   total 196608K, used 10978K [0x0000000080000000, 0x0000000100000000)
  region size 1024K, 5 young (5120K), 5 survivors (5120K)
 Metaspace       used 10859K, capacity 11073K, committed 11264K, reserved 1058816K
  class space    used 1112K, capacity 1207K, committed 1280K, reserved 1048576K
}
Event: 5.343 GC heap before
{Heap before GC invocations=2 (full 0):
 garbage-first heap   total 196608K, used 51938K [0x0000000080000000, 0x0000000100000000)
  region size 1024K, 44 young (45056K), 5 survivors (5120K)
 Metaspace       used 17054K, capacity 17391K, committed 17408K, reserved 1064960K
  class space    used 1938K, capacity 2035K, committed 2048K, reserved 1048576K
}
Event: 5.354 GC heap after
{Heap after GC invocations=3 (full 0):
 garbage-first heap   total 196608K, used 15936K [0x0000000080000000, 0x0000000100000000)
  region size 1024K, 6 young (6144K), 6 survivors (6144K)
 Metaspace       used 17054K, capacity 17391K, committed 17408K, reserved 1064960K
  class space    used 1938K, capacity 2035K, committed 2048K, reserved 1048576K
}
Event: 5.904 GC heap before
{Heap before GC invocations=3 (full 0):
 garbage-first heap   total 196608K, used 50752K [0x0000000080000000, 0x0000000100000000)
  region size 1024K, 41 young (41984K), 6 survivors (6144K)
 Metaspace       used 20829K, capacity 21189K, committed 21296K, reserved 1069056K
  class space    used 2525K, capacity 2688K, committed 2688K, reserved 1048576K
}
Event: 5.916 GC heap after
{Heap after GC invocations=4 (full 0):
 garbage-first heap   total 196608K, used 17555K [0x0000000080000000, 0x0000000100000000)
  region size 1024K, 2 young (2048K), 2 survivors (2048K)
 Metaspace       used 20829K, capacity 21189K, committed 21296K, reserved 1069056K
  class space    used 2525K, capacity 2688K, committed 2688K, reserved 1048576K
}
Event: 6.908 GC heap before
{Heap before GC invocations=5 (full 0):
 garbage-first heap   total 196608K, used 72851K [0x0000000080000000, 0x0000000100000000)
  region size 1024K, 56 young (57344K), 2 survivors (2048K)
 Metaspace       used 26636K, capacity 27207K, committed 27520K, reserved 1073152K
  class space    used 3438K, capacity 3638K, committed 3712K, reserved 1048576K
}
Event: 6.918 GC heap after
{Heap after GC invocations=6 (full 0):
 garbage-first heap   total 196608K, used 19426K [0x0000000080000000, 0x0000000100000000)
  region size 1024K, 4 young (4096K), 4 survivors (4096K)
 Metaspace       used 26636K, capacity 27207K, committed 27520K, reserved 1073152K
  class space    used 3438K, capacity 3638K, committed 3712K, reserved 1048576K
}
Event: 8.958 GC heap before
{Heap before GC invocations=7 (full 0):
 garbage-first heap   total 196608K, used 116706K [0x0000000080000000, 0x0000000100000000)
  region size 1024K, 99 young (101376K), 4 survivors (4096K)
 Metaspace       used 38204K, capacity 39152K, committed 39296K, reserved 1083392K
  class space    used 4864K, capacity 5211K, committed 5248K, reserved 1048576K
}
Event: 8.977 GC heap after
{Heap after GC invocations=8 (full 0):
 garbage-first heap   total 196608K, used 25684K [0x0000000080000000, 0x0000000100000000)
  region size 1024K, 10 young (10240K), 10 survivors (10240K)
 Metaspace       used 38204K, capacity 39152K, committed 39296K, reserved 1083392K
  class space    used 4864K, capacity 5211K, committed 5248K, reserved 1048576K
}
Event: 10.511 GC heap before
{Heap before GC invocations=8 (full 0):
 garbage-first heap   total 196608K, used 101460K [0x0000000080000000, 0x0000000100000000)
  region size 1024K, 82 young (83968K), 10 survivors (10240K)
 Metaspace       used 44680K, capacity 45674K, committed 45824K, reserved 1089536K
  class space    used 5630K, capacity 6031K, committed 6144K, reserved 1048576K
}
Event: 10.534 GC heap after
{Heap after GC invocations=9 (full 0):
 garbage-first heap   total 196608K, used 29260K [0x0000000080000000, 0x0000000100000000)
  region size 1024K, 10 young (10240K), 10 survivors (10240K)
 Metaspace       used 44680K, capacity 45674K, committed 45824K, reserved 1089536K
  class space    used 5630K, capacity 6031K, committed 6144K, reserved 1048576K
}
Event: 13.331 GC heap before
{Heap before GC invocations=10 (full 0):
 garbage-first heap   total 196608K, used 144972K [0x0000000080000000, 0x0000000100000000)
  region size 1024K, 115 young (117760K), 10 survivors (10240K)
 Metaspace       used 51333K, capacity 52718K, committed 52864K, reserved 1095680K
  class space    used 6462K, capacity 7001K, committed 7040K, reserved 1048576K
}
Event: 13.359 GC heap after
{Heap after GC invocations=11 (full 0):
 garbage-first heap   total 196608K, used 48650K [0x0000000080000000, 0x0000000100000000)
  region size 1024K, 15 young (15360K), 15 survivors (15360K)
 Metaspace       used 51333K, capacity 52718K, committed 52864K, reserved 1095680K
  class space    used 6462K, capacity 7001K, committed 7040K, reserved 1048576K
}
Event: 15.510 GC heap before
{Heap before GC invocations=11 (full 0):
 garbage-first heap   total 196608K, used 157194K [0x0000000080000000, 0x0000000100000000)
  region size 1024K, 115 young (117760K), 15 survivors (15360K)
 Metaspace       used 63045K, capacity 64537K, committed 64640K, reserved 1105920K
  class space    used 7921K, capacity 8497K, committed 8576K, reserved 1048576K
}
Event: 15.542 GC heap after
{Heap after GC invocations=12 (full 0):
 garbage-first heap   total 236544K, used 56053K [0x0000000080000000, 0x0000000100000000)
  region size 1024K, 8 young (8192K), 8 survivors (8192K)
 Metaspace       used 63045K, capacity 64537K, committed 64640K, reserved 1105920K
  class space    used 7921K, capacity 8497K, committed 8576K, reserved 1048576K
}
Event: 17.647 GC heap before
{Heap before GC invocations=12 (full 0):
 garbage-first heap   total 236544K, used 171765K [0x0000000080000000, 0x0000000100000000)
  region size 1024K, 120 young (122880K), 8 survivors (8192K)
 Metaspace       used 69236K, capacity 70773K, committed 71040K, reserved 1112064K
  class space    used 8683K, capacity 9282K, committed 9344K, reserved 1048576K
}
Event: 17.670 GC heap after
{Heap after GC invocations=13 (full 0):
 garbage-first heap   total 236544K, used 63094K [0x0000000080000000, 0x0000000100000000)
  region size 1024K, 15 young (15360K), 15 survivors (15360K)
 Metaspace       used 69236K, capacity 70773K, committed 71040K, reserved 1112064K
  class space    used 8683K, capacity 9282K, committed 9344K, reserved 1048576K
}
Event: 18.966 GC heap before
{Heap before GC invocations=13 (full 0):
 garbage-first heap   total 236544K, used 116342K [0x0000000080000000, 0x0000000100000000)
  region size 1024K, 68 young (69632K), 15 survivors (15360K)
 Metaspace       used 75006K, capacity 76543K, committed 76800K, reserved 1116160K
  class space    used 9626K, capacity 10234K, committed 10240K, reserved 1048576K
}
Event: 18.998 GC heap after
{Heap after GC invocations=14 (full 0):
 garbage-first heap   total 236544K, used 66227K [0x0000000080000000, 0x0000000100000000)
  region size 1024K, 11 young (11264K), 11 survivors (11264K)
 Metaspace       used 75006K, capacity 76543K, committed 76800K, reserved 1116160K
  class space    used 9626K, capacity 10234K, committed 10240K, reserved 1048576K
}

Deoptimization events (20 events):
Event: 19.044 Thread 0x0000017755707800 Uncommon trap: trap_request=0xffffff4d fr.pc=0x00000177449e6e88 relative=0x0000000000000be8
Event: 19.044 Thread 0x0000017755707800 Uncommon trap: reason=unstable_if action=reinterpret pc=0x00000177449e6e88 method=com.esotericsoftware.kryo.io.Input.readString()Ljava/lang/String; @ 28 c2
Event: 19.044 Thread 0x0000017755707800 DEOPT PACKING pc=0x00000177449e6e88 sp=0x000000767ebf89e0
Event: 19.044 Thread 0x0000017755707800 DEOPT UNPACKING pc=0x000001773cd1a1af sp=0x000000767ebf89b8 mode 2
Event: 19.057 Thread 0x0000017755707800 Uncommon trap: trap_request=0xffffff4d fr.pc=0x00000177449dcdfc relative=0x00000000000001bc
Event: 19.057 Thread 0x0000017755707800 Uncommon trap: reason=unstable_if action=reinterpret pc=0x00000177449dcdfc method=com.esotericsoftware.kryo.io.Input.require(I)I @ 65 c2
Event: 19.057 Thread 0x0000017755707800 DEOPT PACKING pc=0x00000177449dcdfc sp=0x000000767ebf8730
Event: 19.057 Thread 0x0000017755707800 DEOPT UNPACKING pc=0x000001773cd1a1af sp=0x000000767ebf86e0 mode 2
Event: 19.107 Thread 0x0000017755707800 Uncommon trap: trap_request=0xfffffff4 fr.pc=0x0000017744badcc8 relative=0x00000000000007c8
Event: 19.107 Thread 0x0000017755707800 Uncommon trap: reason=null_check action=make_not_entrant pc=0x0000017744badcc8 method=org.gradle.util.internal.SimpleMapInterner.intern(Ljava/lang/Object;)Ljava/lang/Object; @ 2 c2
Event: 19.107 Thread 0x0000017755707800 DEOPT PACKING pc=0x0000017744badcc8 sp=0x000000767ebf8b90
Event: 19.107 Thread 0x0000017755707800 DEOPT UNPACKING pc=0x000001773cd1a1af sp=0x000000767ebf8b58 mode 2
Event: 19.107 Thread 0x0000017755707800 Uncommon trap: trap_request=0xffffff4d fr.pc=0x0000017744baf578 relative=0x00000000000007f8
Event: 19.107 Thread 0x0000017755707800 Uncommon trap: reason=unstable_if action=reinterpret pc=0x0000017744baf578 method=org.gradle.util.internal.SimpleMapInterner.intern(Ljava/lang/String;)Ljava/lang/String; @ 1 c2
Event: 19.107 Thread 0x0000017755707800 DEOPT PACKING pc=0x0000017744baf578 sp=0x000000767ebf8b20
Event: 19.107 Thread 0x0000017755707800 DEOPT UNPACKING pc=0x000001773cd1a1af sp=0x000000767ebf8ae8 mode 2
Event: 19.177 Thread 0x0000017753f5c800 Uncommon trap: trap_request=0xffffffde fr.pc=0x00000177448c46ec relative=0x000000000000052c
Event: 19.177 Thread 0x0000017753f5c800 Uncommon trap: reason=class_check action=maybe_recompile pc=0x00000177448c46ec method=jdk.internal.ref.PhantomCleanable.clean()V @ 12 c2
Event: 19.177 Thread 0x0000017753f5c800 DEOPT PACKING pc=0x00000177448c46ec sp=0x000000767e0ff120
Event: 19.177 Thread 0x0000017753f5c800 DEOPT UNPACKING pc=0x000001773cd1a1af sp=0x000000767e0ff100 mode 2

Classes redefined (0 events):
No events

Internal exceptions (20 events):
Event: 17.468 Thread 0x0000017755707800 Exception <a 'java/lang/ClassNotFoundException'{0x00000000882f8698}: org/gradle/api/internal/artifacts/dsl/dependencies/DefaultDependencyConstraintHandler_DecoratedBeanInfo> (0x00000000882f8698) thrown at [./src/hotspot/share/classfile/systemDictionary.cpp, line 231]
Event: 17.471 Thread 0x0000017755707800 Exception <a 'java/lang/ClassNotFoundException'{0x00000000881509b0}: org/gradle/api/internal/artifacts/dsl/dependencies/DefaultDependencyConstraintHandlerBeanInfo> (0x00000000881509b0) thrown at [./src/hotspot/share/classfile/systemDictionary.cpp, line 231]
Event: 17.473 Thread 0x0000017755707800 Exception <a 'java/lang/ClassNotFoundException'{0x00000000881a9818}: org/gradle/api/internal/artifacts/dsl/dependencies/DefaultDependencyConstraintHandlerCustomizer> (0x00000000881a9818) thrown at [./src/hotspot/share/classfile/systemDictionary.cpp, line 231]
Event: 17.476 Thread 0x0000017755707800 Exception <a 'java/lang/ClassNotFoundException'{0x000000008800f5b8}: org/gradle/api/internal/artifacts/dsl/dependencies/DefaultDependencyConstraintHandler_DecoratedCustomizer> (0x000000008800f5b8) thrown at [./src/hotspot/share/classfile/systemDictionary.cpp, line 231]
Event: 17.484 Thread 0x0000017755707800 Exception <a 'java/lang/ClassNotFoundException'{0x00000000880bfa88}: org/gradle/api/internal/artifacts/dependencies/DefaultDependencyConstraint_DecoratedBeanInfo> (0x00000000880bfa88) thrown at [./src/hotspot/share/classfile/systemDictionary.cpp, line 231]
Event: 17.485 Thread 0x0000017755707800 Exception <a 'java/lang/ClassNotFoundException'{0x0000000087f14838}: org/gradle/api/internal/artifacts/dependencies/DefaultDependencyConstraintBeanInfo> (0x0000000087f14838) thrown at [./src/hotspot/share/classfile/systemDictionary.cpp, line 231]
Event: 17.486 Thread 0x0000017755707800 Exception <a 'java/lang/ClassNotFoundException'{0x0000000087f69a60}: org/gradle/api/internal/artifacts/dependencies/DefaultDependencyConstraintCustomizer> (0x0000000087f69a60) thrown at [./src/hotspot/share/classfile/systemDictionary.cpp, line 231]
Event: 17.489 Thread 0x0000017755707800 Exception <a 'java/lang/ClassNotFoundException'{0x0000000087fd3b18}: org/gradle/api/internal/artifacts/dependencies/DefaultDependencyConstraint_DecoratedCustomizer> (0x0000000087fd3b18) thrown at [./src/hotspot/share/classfile/systemDictionary.cpp, line 231]
Event: 18.669 Thread 0x0000017755707800 Exception <a 'java/lang/ClassNotFoundException'{0x000000008bf6bbf8}: com/android/build/gradle/internal/api/ApkVariantOutputImpl_DecoratedBeanInfo> (0x000000008bf6bbf8) thrown at [./src/hotspot/share/classfile/systemDictionary.cpp, line 231]
Event: 18.670 Thread 0x0000017755707800 Exception <a 'java/lang/ClassNotFoundException'{0x000000008bf89928}: com/android/build/gradle/internal/api/ApkVariantOutputImplBeanInfo> (0x000000008bf89928) thrown at [./src/hotspot/share/classfile/systemDictionary.cpp, line 231]
Event: 18.670 Thread 0x0000017755707800 Exception <a 'java/lang/ClassNotFoundException'{0x000000008bfa7cd8}: com/android/build/gradle/internal/api/BaseVariantOutputImplBeanInfo> (0x000000008bfa7cd8) thrown at [./src/hotspot/share/classfile/systemDictionary.cpp, line 231]
Event: 18.671 Thread 0x0000017755707800 Exception <a 'java/lang/ClassNotFoundException'{0x000000008bfc6110}: com/android/build/gradle/internal/api/BaseVariantOutputImplCustomizer> (0x000000008bfc6110) thrown at [./src/hotspot/share/classfile/systemDictionary.cpp, line 231]
Event: 18.673 Thread 0x0000017755707800 Exception <a 'java/lang/ClassNotFoundException'{0x000000008bff6bc0}: com/android/build/gradle/internal/api/ApkVariantOutputImplCustomizer> (0x000000008bff6bc0) thrown at [./src/hotspot/share/classfile/systemDictionary.cpp, line 231]
Event: 18.674 Thread 0x0000017755707800 Exception <a 'java/lang/ClassNotFoundException'{0x000000008be243f0}: com/android/build/gradle/internal/api/ApkVariantOutputImpl_DecoratedCustomizer> (0x000000008be243f0) thrown at [./src/hotspot/share/classfile/systemDictionary.cpp, line 231]
Event: 18.737 Thread 0x0000017755707800 Exception <a 'java/lang/ClassNotFoundException'{0x000000008bcd6070}: com/android/build/gradle/internal/api/ReadOnlyBuildTypeBeanInfo> (0x000000008bcd6070) thrown at [./src/hotspot/share/classfile/systemDictionary.cpp, line 231]
Event: 18.738 Thread 0x0000017755707800 Exception <a 'java/lang/ClassNotFoundException'{0x000000008bcf44c0}: com/android/build/gradle/internal/api/ReadOnlyBaseConfigBeanInfo> (0x000000008bcf44c0) thrown at [./src/hotspot/share/classfile/systemDictionary.cpp, line 231]
Event: 18.739 Thread 0x0000017755707800 Exception <a 'java/lang/ClassNotFoundException'{0x000000008bb13430}: com/android/build/gradle/internal/api/ReadOnlyBaseConfigCustomizer> (0x000000008bb13430) thrown at [./src/hotspot/share/classfile/systemDictionary.cpp, line 231]
Event: 18.740 Thread 0x0000017755707800 Exception <a 'java/lang/ClassNotFoundException'{0x000000008bb40fd0}: com/android/build/gradle/internal/api/ReadOnlyBuildTypeCustomizer> (0x000000008bb40fd0) thrown at [./src/hotspot/share/classfile/systemDictionary.cpp, line 231]
Event: 19.107 Thread 0x0000017755707800 Implicit null exception at 0x0000017744bad530 to 0x0000017744badcb4
Event: 19.107 Thread 0x0000017755707800 Implicit null exception at 0x0000017744baedb6 to 0x0000017744baf560

Events (20 events):
Event: 19.190 loading class org/gradle/api/internal/tasks/properties/OutputUnpacker$UnpackedOutputConsumer
Event: 19.190 loading class org/gradle/api/internal/tasks/properties/OutputUnpacker$UnpackedOutputConsumer done
Event: 19.190 loading class org/gradle/api/tasks/TaskOutputFilePropertyBuilder
Event: 19.190 loading class org/gradle/api/tasks/TaskOutputFilePropertyBuilder done
Event: 19.191 loading class org/gradle/api/internal/tasks/DefaultTaskOutputs$TaskOutputUnionFileCollection
Event: 19.191 loading class org/gradle/api/internal/tasks/DefaultTaskOutputs$TaskOutputUnionFileCollection done
Event: 19.192 loading class org/gradle/api/internal/tasks/DefaultTaskDestroyables
Event: 19.192 loading class org/gradle/api/internal/tasks/DefaultTaskDestroyables done
Event: 19.192 loading class org/gradle/api/internal/tasks/TaskDestroyablesInternal
Event: 19.192 loading class org/gradle/api/internal/tasks/TaskDestroyablesInternal done
Event: 19.193 loading class org/gradle/api/internal/tasks/DefaultTaskLocalState
Event: 19.193 loading class org/gradle/api/internal/tasks/DefaultTaskLocalState done
Event: 19.194 loading class org/gradle/api/tasks/UntrackedTask
Event: 19.194 loading class org/gradle/api/tasks/UntrackedTask done
Event: 19.196 loading class org/gradle/api/tasks/TaskAction
Event: 19.196 loading class org/gradle/api/tasks/TaskAction done
Event: 19.197 loading class org/gradle/api/Task
Event: 19.197 loading class org/gradle/api/Task done
Event: 19.198 loading class org/gradle/api/internal/AbstractTask$10
Event: 19.198 loading class org/gradle/api/internal/AbstractTask$10 done


Dynamic libraries:
0x00007ff6624d0000 - 0x00007ff6624da000 	C:\Program Files\Android\Android Studio\jre\bin\java.exe
0x00007ffbdd8d0000 - 0x00007ffbddac8000 	C:\Windows\SYSTEM32\ntdll.dll
0x00007ffbdbe50000 - 0x00007ffbdbf0f000 	C:\Windows\System32\KERNEL32.DLL
0x00007ffbdb370000 - 0x00007ffbdb666000 	C:\Windows\System32\KERNELBASE.dll
0x00007ffbdb040000 - 0x00007ffbdb140000 	C:\Windows\System32\ucrtbase.dll
0x00007ffbd1e20000 - 0x00007ffbd1e37000 	C:\Program Files\Android\Android Studio\jre\bin\VCRUNTIME140.dll
0x00007ffbc56c0000 - 0x00007ffbc56d9000 	C:\Program Files\Android\Android Studio\jre\bin\jli.dll
0x00007ffbdd630000 - 0x00007ffbdd7cd000 	C:\Windows\System32\USER32.dll
0x00007ffbdb340000 - 0x00007ffbdb362000 	C:\Windows\System32\win32u.dll
0x00007ffbdbf30000 - 0x00007ffbdbf5c000 	C:\Windows\System32\GDI32.dll
0x00007ffbda380000 - 0x00007ffbda61a000 	C:\Windows\WinSxS\amd64_microsoft.windows.common-controls_6595b64144ccf1df_6.0.19041.1110_none_60b5254171f9507e\COMCTL32.dll
0x00007ffbdb810000 - 0x00007ffbdb925000 	C:\Windows\System32\gdi32full.dll
0x00007ffbdc330000 - 0x00007ffbdc3ce000 	C:\Windows\System32\msvcrt.dll
0x00007ffbdb770000 - 0x00007ffbdb80d000 	C:\Windows\System32\msvcp_win.dll
0x00007ffbdd5a0000 - 0x00007ffbdd5d0000 	C:\Windows\System32\IMM32.DLL
0x00007ffba6d20000 - 0x00007ffba6dbd000 	C:\Program Files\Android\Android Studio\jre\bin\msvcp140.dll
0x00007ffb977f0000 - 0x00007ffb982f2000 	C:\Program Files\Android\Android Studio\jre\bin\server\jvm.dll
0x00007ffbdcc80000 - 0x00007ffbdcd2f000 	C:\Windows\System32\ADVAPI32.dll
0x00007ffbdcee0000 - 0x00007ffbdcf7c000 	C:\Windows\System32\sechost.dll
0x00007ffbdc0f0000 - 0x00007ffbdc216000 	C:\Windows\System32\RPCRT4.dll
0x00007ffbdbf60000 - 0x00007ffbdbf68000 	C:\Windows\System32\PSAPI.DLL
0x00007ffbce9a0000 - 0x00007ffbce9c7000 	C:\Windows\SYSTEM32\WINMM.dll
0x00007ffbc54a0000 - 0x00007ffbc54a9000 	C:\Windows\SYSTEM32\WSOCK32.dll
0x00007ffbd4d80000 - 0x00007ffbd4d8a000 	C:\Windows\SYSTEM32\VERSION.dll
0x00007ffbdd2e0000 - 0x00007ffbdd34b000 	C:\Windows\System32\WS2_32.dll
0x00007ffbd9170000 - 0x00007ffbd9182000 	C:\Windows\SYSTEM32\kernel.appcore.dll
0x00007ffbc67e0000 - 0x00007ffbc67f1000 	C:\Program Files\Android\Android Studio\jre\bin\verify.dll
0x00007ffbda9e0000 - 0x00007ffbdabc4000 	C:\Windows\SYSTEM32\DBGHELP.DLL
0x00007ffbda780000 - 0x00007ffbda7b4000 	C:\Windows\SYSTEM32\dbgcore.DLL
0x00007ffbdafb0000 - 0x00007ffbdb032000 	C:\Windows\System32\bcryptPrimitives.dll
0x00007ffbc5700000 - 0x00007ffbc5729000 	C:\Program Files\Android\Android Studio\jre\bin\java.dll
0x00007ffbc9160000 - 0x00007ffbc916b000 	C:\Program Files\Android\Android Studio\jre\bin\jimage.dll
0x00007ffbc5fa0000 - 0x00007ffbc5fb8000 	C:\Program Files\Android\Android Studio\jre\bin\zip.dll
0x00007ffbdc450000 - 0x00007ffbdcb94000 	C:\Windows\System32\SHELL32.dll
0x00007ffbd8330000 - 0x00007ffbd8ac3000 	C:\Windows\SYSTEM32\windows.storage.dll
0x00007ffbdcf80000 - 0x00007ffbdd2d4000 	C:\Windows\System32\combase.dll
0x00007ffbda310000 - 0x00007ffbda33e000 	C:\Windows\SYSTEM32\Wldp.dll
0x00007ffbdc220000 - 0x00007ffbdc2cd000 	C:\Windows\System32\SHCORE.dll
0x00007ffbdd830000 - 0x00007ffbdd885000 	C:\Windows\System32\shlwapi.dll
0x00007ffbdaef0000 - 0x00007ffbdaf0f000 	C:\Windows\SYSTEM32\profapi.dll
0x00007ffbb80c0000 - 0x00007ffbb80da000 	C:\Program Files\Android\Android Studio\jre\bin\net.dll
0x00007ffbcc4a0000 - 0x00007ffbcc5aa000 	C:\Windows\SYSTEM32\WINHTTP.dll
0x00007ffbda1d0000 - 0x00007ffbda23a000 	C:\Windows\system32\mswsock.dll
0x00007ffbb80a0000 - 0x00007ffbb80b4000 	C:\Program Files\Android\Android Studio\jre\bin\nio.dll
0x00007ffbd4660000 - 0x00007ffbd4687000 	C:\Users\Royyan\.gradle\native\e1d6ef7f7dcc3fd88c89a11ec53ec762bb8ba0a96d01ffa2cd45eb1d1d8dd5c5\windows-amd64\native-platform.dll
0x00007ffba1020000 - 0x00007ffba1164000 	C:\Users\Royyan\.gradle\native\0d407fdbe67a94daf76414ababcb853783967236a71b16ec16e742cd7a986fd3\windows-amd64\native-platform-file-events.dll
0x00007ffbd24f0000 - 0x00007ffbd24fa000 	C:\Program Files\Android\Android Studio\jre\bin\management.dll
0x00007ffbd24e0000 - 0x00007ffbd24ed000 	C:\Program Files\Android\Android Studio\jre\bin\management_ext.dll
0x00007ffbdad40000 - 0x00007ffbdad58000 	C:\Windows\SYSTEM32\CRYPTSP.dll
0x00007ffbd99f0000 - 0x00007ffbd9a24000 	C:\Windows\system32\rsaenh.dll
0x00007ffbdb310000 - 0x00007ffbdb337000 	C:\Windows\System32\bcrypt.dll
0x00007ffbdae70000 - 0x00007ffbdae9e000 	C:\Windows\SYSTEM32\USERENV.dll
0x00007ffbda2d0000 - 0x00007ffbda2dc000 	C:\Windows\SYSTEM32\CRYPTBASE.dll
0x00007ffbd9d60000 - 0x00007ffbd9d9c000 	C:\Windows\SYSTEM32\IPHLPAPI.DLL
0x00007ffbdc0e0000 - 0x00007ffbdc0e8000 	C:\Windows\System32\NSI.dll
0x00007ffbcecf0000 - 0x00007ffbced07000 	C:\Windows\SYSTEM32\dhcpcsvc6.DLL
0x00007ffbce880000 - 0x00007ffbce89d000 	C:\Windows\SYSTEM32\dhcpcsvc.DLL
0x00007ffbd9da0000 - 0x00007ffbd9e6b000 	C:\Windows\SYSTEM32\DNSAPI.dll

dbghelp: loaded successfully - version: 4.0.5 - missing functions: none
symbol engine: initialized successfully - sym options: 0x614 - pdb path: .;C:\Program Files\Android\Android Studio\jre\bin;C:\Windows\SYSTEM32;C:\Windows\WinSxS\amd64_microsoft.windows.common-controls_6595b64144ccf1df_6.0.19041.1110_none_60b5254171f9507e;C:\Program Files\Android\Android Studio\jre\bin\server;C:\Users\Royyan\.gradle\native\e1d6ef7f7dcc3fd88c89a11ec53ec762bb8ba0a96d01ffa2cd45eb1d1d8dd5c5\windows-amd64;C:\Users\Royyan\.gradle\native\0d407fdbe67a94daf76414ababcb853783967236a71b16ec16e742cd7a986fd3\windows-amd64

VM Arguments:
jvm_args: --add-opens=java.base/java.util=ALL-UNNAMED --add-opens=java.base/java.lang=ALL-UNNAMED --add-opens=java.base/java.lang.invoke=ALL-UNNAMED --add-opens=java.base/java.util=ALL-UNNAMED --add-opens=java.prefs/java.util.prefs=ALL-UNNAMED --add-opens=java.prefs/java.util.prefs=ALL-UNNAMED --add-opens=java.base/java.nio.charset=ALL-UNNAMED --add-opens=java.base/java.net=ALL-UNNAMED --add-opens=java.base/java.util.concurrent.atomic=ALL-UNNAMED -Xmx2048m -Dfile.encoding=UTF-8 -Duser.country=US -Duser.language=en -Duser.variant 
java_command: org.gradle.launcher.daemon.bootstrap.GradleDaemon 7.4
java_class_path (initial): C:\Users\Royyan\.gradle\wrapper\dists\gradle-7.4-bin\c0gwcg53nkjbqw7r0h0umtfvt\gradle-7.4\lib\gradle-launcher-7.4.jar
Launcher Type: SUN_STANDARD

[Global flags]
     intx CICompilerCount                          = 3                                         {product} {ergonomic}
     uint ConcGCThreads                            = 1                                         {product} {ergonomic}
     uint G1ConcRefinementThreads                  = 4                                         {product} {ergonomic}
   size_t G1HeapRegionSize                         = 1048576                                   {product} {ergonomic}
    uintx GCDrainStackTargetSize                   = 64                                        {product} {ergonomic}
   size_t InitialHeapSize                          = 201326592                                 {product} {ergonomic}
   size_t MarkStackSize                            = 4194304                                   {product} {ergonomic}
   size_t MaxHeapSize                              = 2147483648                                {product} {command line}
   size_t MaxNewSize                               = 1287651328                                {product} {ergonomic}
   size_t MinHeapDeltaBytes                        = 1048576                                   {product} {ergonomic}
    uintx NonNMethodCodeHeapSize                   = 5830732                                {pd product} {ergonomic}
    uintx NonProfiledCodeHeapSize                  = 122913754                              {pd product} {ergonomic}
    uintx ProfiledCodeHeapSize                     = 122913754                              {pd product} {ergonomic}
    uintx ReservedCodeCacheSize                    = 251658240                              {pd product} {ergonomic}
     bool SegmentedCodeCache                       = true                                      {product} {ergonomic}
     bool UseCompressedClassPointers               = true                                 {lp64_product} {ergonomic}
     bool UseCompressedOops                        = true                                 {lp64_product} {ergonomic}
     bool UseG1GC                                  = true                                      {product} {ergonomic}
     bool UseLargePagesIndividualAllocation        = false                                  {pd product} {ergonomic}

Logging:
Log output configuration:
 #0: stdout all=warning uptime,level,tags
 #1: stderr all=off uptime,level,tags

Environment Variables:
PATH=C:\Program Files (x86)\Common Files\Oracle\Java\javapath;C:\Windows\system32;C:\Windows;C:\Windows\System32\Wbem;C:\Windows\System32\WindowsPowerShell\v1.0\;C:\Windows\System32\OpenSSH\;C:\Program Files (x86)\Microsoft SQL Server\150\DTS\Binn\;C:\Program Files\Azure Data Studio\bin;C:\Program Files\Git\cmd;C:\xampp\php;C:\ProgramData\ComposerSetup\bin;C:\Program Files\Microsoft SQL Server\Client SDK\ODBC\130\Tools\Binn\;C:\Program Files (x86)\Microsoft SQL Server\130\Tools\Binn\;C:\Program Files\Microsoft SQL Server\130\Tools\Binn\;C:\Program Files\Microsoft SQL Server\130\DTS\Binn\;C:\Program Files\Microsoft SQL Server\120\Tools\Binn\;C:\Program Files\Microsoft SQL Server Migration Assistant for MySQL\bin\;C:\Program Files\PuTTY\;C:\Program Files\nodejs\;C:\Program Files\TortoiseSVN\bin;C:\Windows\system32\config\systemprofile\.dnx\bin;C:\Program Files\Microsoft DNX\Dnvm\;C:\Users\Royyan\AppData\Local\Programs\Python\Python38\Scripts\;C:\Users\Royyan\AppData\Local\Programs\Python\Python38\;C:\Users\Royyan\AppData\Local\Microsoft\WindowsApps;C:\Users\Royyan\AppData\Local\Programs\Microsoft VS Code\bin;C:\Program Files\Azure Data Studio\bin;C:\Users\Royyan\AppData\Roaming\Composer\vendor\bin;C:\Users\Royyan\AppData\Local\GitHubDesktop\bin;C:\Users\Royyan\AppData\Roaming\npm
USERNAME=Royyan
OS=Windows_NT
PROCESSOR_IDENTIFIER=Intel64 Family 6 Model 61 Stepping 4, GenuineIntel



---------------  S Y S T E M  ---------------

OS: Windows 10 , 64 bit Build 19041 (10.0.19041.2913)
OS uptime: 0 days 0:07 hours

CPU:total 4 (initial active 4) (2 cores per cpu, 2 threads per core) family 6 model 61 stepping 4 microcode 0x2d, cmov, cx8, fxsr, mmx, sse, sse2, sse3, ssse3, sse4.1, sse4.2, popcnt, avx, avx2, aes, clmul, erms, 3dnowpref, lzcnt, ht, tsc, tscinvbit, bmi1, bmi2, adx, fma

Memory: 4k page, system-wide physical 12207M (6214M free)
TotalPageFile size 15663M (AvailPageFile size 9630M)
current process WorkingSet (physical memory assigned to process): 458M, peak: 460M
current process commit charge ("private bytes"): 496M, peak: 498M

vm_info: OpenJDK 64-Bit Server VM (11.0.13+0-b1751.21-8125866) for windows-amd64 JRE (11.0.13+0-b1751.21-8125866), built on Feb  2 2022 03:00:22 by "builder" with MS VC++ 14.0 (VS2015)

END.
